#
# There is insufficient memory for the Java Runtime Environment to continue.
# Native memory allocation (malloc) failed to allocate 32744 bytes for ChunkPool::allocate
# Possible reasons:
#   The system is out of physical RAM or swap space
#   The process is running with CompressedOops enabled, and the Java Heap may be blocking the growth of the native heap
# Possible solutions:
#   Reduce memory load on the system
#   Increase physical memory or swap space
#   Check if swap backing store is full
#   Decrease Java heap size (-Xmx/-Xms)
#   Decrease number of Java threads
#   Decrease Java thread stack sizes (-Xss)
#   Set larger code cache with -XX:ReservedCodeCacheSize=
#   JVM is running with Zero Based Compressed Oops mode in which the Java heap is
#     placed in the first 32GB address space. The Java Heap base address is the
#     maximum limit for the native heap growth. Please use -XX:HeapBaseMinAddress
#     to set the Java Heap base and to place the Java Heap above 32GB virtual address.
# This output file may be truncated or incomplete.
#
#  Out of Memory Error (arena.cpp:79), pid=13688, tid=1580
#
# JRE version: Java(TM) SE Runtime Environment (16.0.1+9) (build 16.0.1+9-24)
# Java VM: Java HotSpot(TM) 64-Bit Server VM (16.0.1+9-24, mixed mode, sharing, tiered, compressed oops, compressed class ptrs, g1 gc, windows-amd64)
# No core dump will be written. Minidumps are not enabled by default on client versions of Windows
#

---------------  S U M M A R Y ------------

Command Line: -XX:+ShowCodeDetailsInExceptionMessages -agentlib:jdwp=transport=dt_socket,suspend=y,address=localhost:50400 -javaagent:C:\Users\alexm\eclipse\jee-2021-06\eclipse\configuration\org.eclipse.osgi\415\0\.cp\lib\javaagent-shaded.jar -Dfile.encoding=UTF-8 RoboWalkApp

Host: Intel(R) Core(TM) i7-7600U CPU @ 2.80GHz, 4 cores, 11G,  Windows 10 , 64 bit Build 19041 (10.0.19041.1023)
Time: Sat Jul 24 17:23:24 2021 E. Europe Daylight Time elapsed time: 1654.712543 seconds (0d 0h 27m 34s)

---------------  T H R E A D  ---------------

Current thread (0x0000020d2aa85ec0):  JavaThread "C2 CompilerThread0" daemon [_thread_in_native, id=1580, stack(0x000000f15f600000,0x000000f15f700000)]


Current CompileTask:
C2:1654712  572       4       org.eclipse.jdt.launching.internal.org.objectweb.asm.SymbolTable$Entry::<init> (17 bytes)

Stack: [0x000000f15f600000,0x000000f15f700000]
Native frames: (J=compiled Java code, j=interpreted, Vv=VM code, C=native code)
V  [jvm.dll+0x6687ca]
V  [jvm.dll+0x7ca3c9]
V  [jvm.dll+0x7cbb53]
V  [jvm.dll+0x7cc1b3]
V  [jvm.dll+0x242ea5]
V  [jvm.dll+0xae25f]
V  [jvm.dll+0xae03d]
V  [jvm.dll+0x647a65]
V  [jvm.dll+0x647f19]
V  [jvm.dll+0x5f4e33]
V  [jvm.dll+0x5fab2b]
V  [jvm.dll+0x5fb90a]
V  [jvm.dll+0x5f9ecc]
V  [jvm.dll+0x215da8]
V  [jvm.dll+0x215350]
V  [jvm.dll+0x1a1d9b]
V  [jvm.dll+0x2253a8]
V  [jvm.dll+0x2233ec]
V  [jvm.dll+0x780002]
V  [jvm.dll+0x779b4a]
V  [jvm.dll+0x667666]
C  [ucrtbase.dll+0x21bb2]
C  [KERNEL32.DLL+0x17034]
C  [ntdll.dll+0x52651]


---------------  P R O C E S S  ---------------

Threads class SMR info:
_java_thread_list=0x0000020d2b74e820, length=15, elements={
0x0000020d0afea820, 0x0000020d2aa6f680, 0x0000020d2aa70450, 0x0000020d2aa7ce80,
0x0000020d2aa7d990, 0x0000020d2aa803b0, 0x0000020d2aa80cc0, 0x0000020d2aa85ec0,
0x0000020d2aab08f0, 0x0000020d2aac5630, 0x0000020d2aa527f0, 0x0000020d2b616fd0,
0x0000020d2b641830, 0x0000020d2b641d70, 0x0000020d2b779340
}

Java Threads: ( => current thread )
  0x0000020d0afea820 JavaThread "main" [_thread_in_native, id=19052, stack(0x000000f15e900000,0x000000f15ea00000)]
  0x0000020d2aa6f680 JavaThread "Reference Handler" daemon [_thread_blocked, id=17712, stack(0x000000f15f000000,0x000000f15f100000)]
  0x0000020d2aa70450 JavaThread "Finalizer" daemon [_thread_blocked, id=18796, stack(0x000000f15f100000,0x000000f15f200000)]
  0x0000020d2aa7ce80 JavaThread "Signal Dispatcher" daemon [_thread_blocked, id=15308, stack(0x000000f15f200000,0x000000f15f300000)]
  0x0000020d2aa7d990 JavaThread "Attach Listener" daemon [_thread_blocked, id=15692, stack(0x000000f15f300000,0x000000f15f400000)]
  0x0000020d2aa803b0 JavaThread "Service Thread" daemon [_thread_blocked, id=10432, stack(0x000000f15f400000,0x000000f15f500000)]
  0x0000020d2aa80cc0 JavaThread "Monitor Deflation Thread" daemon [_thread_blocked, id=672, stack(0x000000f15f500000,0x000000f15f600000)]
=>0x0000020d2aa85ec0 JavaThread "C2 CompilerThread0" daemon [_thread_in_native, id=1580, stack(0x000000f15f600000,0x000000f15f700000)]
  0x0000020d2aab08f0 JavaThread "C1 CompilerThread0" daemon [_thread_blocked, id=8028, stack(0x000000f15f700000,0x000000f15f800000)]
  0x0000020d2aac5630 JavaThread "Sweeper thread" daemon [_thread_blocked, id=10228, stack(0x000000f15f800000,0x000000f15f900000)]
  0x0000020d2aa527f0 JavaThread "Common-Cleaner" daemon [_thread_blocked, id=7724, stack(0x000000f15f900000,0x000000f15fa00000)]
  0x0000020d2b616fd0 JavaThread "JDWP Transport Listener: dt_socket" daemon [_thread_in_Java, id=5520, stack(0x000000f15fa00000,0x000000f15fb00000)]
  0x0000020d2b641830 JavaThread "JDWP Event Helper Thread" daemon [_thread_blocked, id=12096, stack(0x000000f15fb00000,0x000000f15fc00000)]
  0x0000020d2b641d70 JavaThread "JDWP Command Reader" daemon [_thread_in_native, id=7144, stack(0x000000f15fc00000,0x000000f15fd00000)]
  0x0000020d2b779340 JavaThread "Notification Thread" daemon [_thread_blocked, id=17756, stack(0x000000f15fd00000,0x000000f15fe00000)]

Other Threads:
  0x0000020d2aa6ab20 VMThread "VM Thread" [stack: 0x000000f15ef00000,0x000000f15f000000] [id=15580]
  0x0000020d2b76eea0 WatcherThread [stack: 0x000000f15fe00000,0x000000f15ff00000] [id=19152]
  0x0000020d0b02d410 GCTaskThread "GC Thread#0" [stack: 0x000000f15ea00000,0x000000f15eb00000] [id=10492]
  0x0000020d0b03a4d0 ConcurrentGCThread "G1 Main Marker" [stack: 0x000000f15eb00000,0x000000f15ec00000] [id=18572]
  0x0000020d0b03c600 ConcurrentGCThread "G1 Conc#0" [stack: 0x000000f15ec00000,0x000000f15ed00000] [id=4884]
  0x0000020d0b0be660 ConcurrentGCThread "G1 Refine#0" [stack: 0x000000f15ed00000,0x000000f15ee00000] [id=392]
  0x0000020d2a930090 ConcurrentGCThread "G1 Service" [stack: 0x000000f15ee00000,0x000000f15ef00000] [id=11420]

Threads with active compile tasks:
C2 CompilerThread0  1654753  572       4       org.eclipse.jdt.launching.internal.org.objectweb.asm.SymbolTable$Entry::<init> (17 bytes)

VM state: not at safepoint (normal execution)

VM Mutex/Monitor currently owned by a thread: None

Heap address: 0x0000000746200000, size: 2974 MB, Compressed Oops mode: Zero based, Oop shift amount: 3

CDS archive(s) mapped at: [0x0000000800000000-0x0000000800bb0000-0x0000000800bb0000), size 12255232, SharedBaseAddress: 0x0000000800000000, ArchiveRelocationMode: 0.
Compressed class space mapped at: 0x0000000800c00000-0x0000000840c00000, reserved size: 1073741824
Narrow klass base: 0x0000000800000000, Narrow klass shift: 3, Narrow klass range: 0x100000000

GC Precious Log:
 CPUs: 4 total, 4 available
 Memory: 11891M
 Large Page Support: Disabled
 NUMA Support: Disabled
 Compressed Oops: Enabled (Zero based)
 Heap Region Size: 2M
 Heap Min Capacity: 8M
 Heap Initial Capacity: 186M
 Heap Max Capacity: 2974M
 Pre-touch: Disabled
 Parallel Workers: 4
 Concurrent Workers: 1
 Concurrent Refinement Workers: 4
 Periodic GC: Disabled

Heap:
 garbage-first heap   total 190464K, used 6144K [0x0000000746200000, 0x0000000800000000)
  region size 2048K, 4 young (8192K), 0 survivors (0K)
 Metaspace       used 2996K, committed 3136K, reserved 1056768K
  class space    used 246K, committed 320K, reserved 1048576K

Heap Regions: E=young(eden), S=young(survivor), O=old, HS=humongous(starts), HC=humongous(continues), CS=collection set, F=free, OA=open archive, CA=closed archive, TAMS=top-at-mark-start (previous, next)
|   0|0x0000000746200000, 0x0000000746200000, 0x0000000746400000|  0%| F|  |TAMS 0x0000000746200000, 0x0000000746200000| Untracked 
|   1|0x0000000746400000, 0x0000000746400000, 0x0000000746600000|  0%| F|  |TAMS 0x0000000746400000, 0x0000000746400000| Untracked 
|   2|0x0000000746600000, 0x0000000746600000, 0x0000000746800000|  0%| F|  |TAMS 0x0000000746600000, 0x0000000746600000| Untracked 
|   3|0x0000000746800000, 0x0000000746800000, 0x0000000746a00000|  0%| F|  |TAMS 0x0000000746800000, 0x0000000746800000| Untracked 
|   4|0x0000000746a00000, 0x0000000746a00000, 0x0000000746c00000|  0%| F|  |TAMS 0x0000000746a00000, 0x0000000746a00000| Untracked 
|   5|0x0000000746c00000, 0x0000000746c00000, 0x0000000746e00000|  0%| F|  |TAMS 0x0000000746c00000, 0x0000000746c00000| Untracked 
|   6|0x0000000746e00000, 0x0000000746e00000, 0x0000000747000000|  0%| F|  |TAMS 0x0000000746e00000, 0x0000000746e00000| Untracked 
|   7|0x0000000747000000, 0x0000000747000000, 0x0000000747200000|  0%| F|  |TAMS 0x0000000747000000, 0x0000000747000000| Untracked 
|   8|0x0000000747200000, 0x0000000747200000, 0x0000000747400000|  0%| F|  |TAMS 0x0000000747200000, 0x0000000747200000| Untracked 
|   9|0x0000000747400000, 0x0000000747400000, 0x0000000747600000|  0%| F|  |TAMS 0x0000000747400000, 0x0000000747400000| Untracked 
|  10|0x0000000747600000, 0x0000000747600000, 0x0000000747800000|  0%| F|  |TAMS 0x0000000747600000, 0x0000000747600000| Untracked 
|  11|0x0000000747800000, 0x0000000747800000, 0x0000000747a00000|  0%| F|  |TAMS 0x0000000747800000, 0x0000000747800000| Untracked 
|  12|0x0000000747a00000, 0x0000000747a00000, 0x0000000747c00000|  0%| F|  |TAMS 0x0000000747a00000, 0x0000000747a00000| Untracked 
|  13|0x0000000747c00000, 0x0000000747c00000, 0x0000000747e00000|  0%| F|  |TAMS 0x0000000747c00000, 0x0000000747c00000| Untracked 
|  14|0x0000000747e00000, 0x0000000747e00000, 0x0000000748000000|  0%| F|  |TAMS 0x0000000747e00000, 0x0000000747e00000| Untracked 
|  15|0x0000000748000000, 0x0000000748000000, 0x0000000748200000|  0%| F|  |TAMS 0x0000000748000000, 0x0000000748000000| Untracked 
|  16|0x0000000748200000, 0x0000000748200000, 0x0000000748400000|  0%| F|  |TAMS 0x0000000748200000, 0x0000000748200000| Untracked 
|  17|0x0000000748400000, 0x0000000748400000, 0x0000000748600000|  0%| F|  |TAMS 0x0000000748400000, 0x0000000748400000| Untracked 
|  18|0x0000000748600000, 0x0000000748600000, 0x0000000748800000|  0%| F|  |TAMS 0x0000000748600000, 0x0000000748600000| Untracked 
|  19|0x0000000748800000, 0x0000000748800000, 0x0000000748a00000|  0%| F|  |TAMS 0x0000000748800000, 0x0000000748800000| Untracked 
|  20|0x0000000748a00000, 0x0000000748a00000, 0x0000000748c00000|  0%| F|  |TAMS 0x0000000748a00000, 0x0000000748a00000| Untracked 
|  21|0x0000000748c00000, 0x0000000748c00000, 0x0000000748e00000|  0%| F|  |TAMS 0x0000000748c00000, 0x0000000748c00000| Untracked 
|  22|0x0000000748e00000, 0x0000000748e00000, 0x0000000749000000|  0%| F|  |TAMS 0x0000000748e00000, 0x0000000748e00000| Untracked 
|  23|0x0000000749000000, 0x0000000749000000, 0x0000000749200000|  0%| F|  |TAMS 0x0000000749000000, 0x0000000749000000| Untracked 
|  24|0x0000000749200000, 0x0000000749200000, 0x0000000749400000|  0%| F|  |TAMS 0x0000000749200000, 0x0000000749200000| Untracked 
|  25|0x0000000749400000, 0x0000000749400000, 0x0000000749600000|  0%| F|  |TAMS 0x0000000749400000, 0x0000000749400000| Untracked 
|  26|0x0000000749600000, 0x0000000749600000, 0x0000000749800000|  0%| F|  |TAMS 0x0000000749600000, 0x0000000749600000| Untracked 
|  27|0x0000000749800000, 0x0000000749800000, 0x0000000749a00000|  0%| F|  |TAMS 0x0000000749800000, 0x0000000749800000| Untracked 
|  28|0x0000000749a00000, 0x0000000749a00000, 0x0000000749c00000|  0%| F|  |TAMS 0x0000000749a00000, 0x0000000749a00000| Untracked 
|  29|0x0000000749c00000, 0x0000000749c00000, 0x0000000749e00000|  0%| F|  |TAMS 0x0000000749c00000, 0x0000000749c00000| Untracked 
|  30|0x0000000749e00000, 0x0000000749e00000, 0x000000074a000000|  0%| F|  |TAMS 0x0000000749e00000, 0x0000000749e00000| Untracked 
|  31|0x000000074a000000, 0x000000074a000000, 0x000000074a200000|  0%| F|  |TAMS 0x000000074a000000, 0x000000074a000000| Untracked 
|  32|0x000000074a200000, 0x000000074a200000, 0x000000074a400000|  0%| F|  |TAMS 0x000000074a200000, 0x000000074a200000| Untracked 
|  33|0x000000074a400000, 0x000000074a400000, 0x000000074a600000|  0%| F|  |TAMS 0x000000074a400000, 0x000000074a400000| Untracked 
|  34|0x000000074a600000, 0x000000074a600000, 0x000000074a800000|  0%| F|  |TAMS 0x000000074a600000, 0x000000074a600000| Untracked 
|  35|0x000000074a800000, 0x000000074a800000, 0x000000074aa00000|  0%| F|  |TAMS 0x000000074a800000, 0x000000074a800000| Untracked 
|  36|0x000000074aa00000, 0x000000074aa00000, 0x000000074ac00000|  0%| F|  |TAMS 0x000000074aa00000, 0x000000074aa00000| Untracked 
|  37|0x000000074ac00000, 0x000000074ac00000, 0x000000074ae00000|  0%| F|  |TAMS 0x000000074ac00000, 0x000000074ac00000| Untracked 
|  38|0x000000074ae00000, 0x000000074ae00000, 0x000000074b000000|  0%| F|  |TAMS 0x000000074ae00000, 0x000000074ae00000| Untracked 
|  39|0x000000074b000000, 0x000000074b000000, 0x000000074b200000|  0%| F|  |TAMS 0x000000074b000000, 0x000000074b000000| Untracked 
|  40|0x000000074b200000, 0x000000074b200000, 0x000000074b400000|  0%| F|  |TAMS 0x000000074b200000, 0x000000074b200000| Untracked 
|  41|0x000000074b400000, 0x000000074b400000, 0x000000074b600000|  0%| F|  |TAMS 0x000000074b400000, 0x000000074b400000| Untracked 
|  42|0x000000074b600000, 0x000000074b600000, 0x000000074b800000|  0%| F|  |TAMS 0x000000074b600000, 0x000000074b600000| Untracked 
|  43|0x000000074b800000, 0x000000074b800000, 0x000000074ba00000|  0%| F|  |TAMS 0x000000074b800000, 0x000000074b800000| Untracked 
|  44|0x000000074ba00000, 0x000000074ba00000, 0x000000074bc00000|  0%| F|  |TAMS 0x000000074ba00000, 0x000000074ba00000| Untracked 
|  45|0x000000074bc00000, 0x000000074bc00000, 0x000000074be00000|  0%| F|  |TAMS 0x000000074bc00000, 0x000000074bc00000| Untracked 
|  46|0x000000074be00000, 0x000000074be00000, 0x000000074c000000|  0%| F|  |TAMS 0x000000074be00000, 0x000000074be00000| Untracked 
|  47|0x000000074c000000, 0x000000074c000000, 0x000000074c200000|  0%| F|  |TAMS 0x000000074c000000, 0x000000074c000000| Untracked 
|  48|0x000000074c200000, 0x000000074c200000, 0x000000074c400000|  0%| F|  |TAMS 0x000000074c200000, 0x000000074c200000| Untracked 
|  49|0x000000074c400000, 0x000000074c400000, 0x000000074c600000|  0%| F|  |TAMS 0x000000074c400000, 0x000000074c400000| Untracked 
|  50|0x000000074c600000, 0x000000074c600000, 0x000000074c800000|  0%| F|  |TAMS 0x000000074c600000, 0x000000074c600000| Untracked 
|  51|0x000000074c800000, 0x000000074c800000, 0x000000074ca00000|  0%| F|  |TAMS 0x000000074c800000, 0x000000074c800000| Untracked 
|  52|0x000000074ca00000, 0x000000074ca00000, 0x000000074cc00000|  0%| F|  |TAMS 0x000000074ca00000, 0x000000074ca00000| Untracked 
|  53|0x000000074cc00000, 0x000000074cc00000, 0x000000074ce00000|  0%| F|  |TAMS 0x000000074cc00000, 0x000000074cc00000| Untracked 
|  54|0x000000074ce00000, 0x000000074ce00000, 0x000000074d000000|  0%| F|  |TAMS 0x000000074ce00000, 0x000000074ce00000| Untracked 
|  55|0x000000074d000000, 0x000000074d000000, 0x000000074d200000|  0%| F|  |TAMS 0x000000074d000000, 0x000000074d000000| Untracked 
|  56|0x000000074d200000, 0x000000074d200000, 0x000000074d400000|  0%| F|  |TAMS 0x000000074d200000, 0x000000074d200000| Untracked 
|  57|0x000000074d400000, 0x000000074d400000, 0x000000074d600000|  0%| F|  |TAMS 0x000000074d400000, 0x000000074d400000| Untracked 
|  58|0x000000074d600000, 0x000000074d600000, 0x000000074d800000|  0%| F|  |TAMS 0x000000074d600000, 0x000000074d600000| Untracked 
|  59|0x000000074d800000, 0x000000074d800000, 0x000000074da00000|  0%| F|  |TAMS 0x000000074d800000, 0x000000074d800000| Untracked 
|  60|0x000000074da00000, 0x000000074da00000, 0x000000074dc00000|  0%| F|  |TAMS 0x000000074da00000, 0x000000074da00000| Untracked 
|  61|0x000000074dc00000, 0x000000074dc00000, 0x000000074de00000|  0%| F|  |TAMS 0x000000074dc00000, 0x000000074dc00000| Untracked 
|  62|0x000000074de00000, 0x000000074de00000, 0x000000074e000000|  0%| F|  |TAMS 0x000000074de00000, 0x000000074de00000| Untracked 
|  63|0x000000074e000000, 0x000000074e000000, 0x000000074e200000|  0%| F|  |TAMS 0x000000074e000000, 0x000000074e000000| Untracked 
|  64|0x000000074e200000, 0x000000074e200000, 0x000000074e400000|  0%| F|  |TAMS 0x000000074e200000, 0x000000074e200000| Untracked 
|  65|0x000000074e400000, 0x000000074e400000, 0x000000074e600000|  0%| F|  |TAMS 0x000000074e400000, 0x000000074e400000| Untracked 
|  66|0x000000074e600000, 0x000000074e600000, 0x000000074e800000|  0%| F|  |TAMS 0x000000074e600000, 0x000000074e600000| Untracked 
|  67|0x000000074e800000, 0x000000074e800000, 0x000000074ea00000|  0%| F|  |TAMS 0x000000074e800000, 0x000000074e800000| Untracked 
|  68|0x000000074ea00000, 0x000000074ea00000, 0x000000074ec00000|  0%| F|  |TAMS 0x000000074ea00000, 0x000000074ea00000| Untracked 
|  69|0x000000074ec00000, 0x000000074ec00000, 0x000000074ee00000|  0%| F|  |TAMS 0x000000074ec00000, 0x000000074ec00000| Untracked 
|  70|0x000000074ee00000, 0x000000074ee00000, 0x000000074f000000|  0%| F|  |TAMS 0x000000074ee00000, 0x000000074ee00000| Untracked 
|  71|0x000000074f000000, 0x000000074f000000, 0x000000074f200000|  0%| F|  |TAMS 0x000000074f000000, 0x000000074f000000| Untracked 
|  72|0x000000074f200000, 0x000000074f200000, 0x000000074f400000|  0%| F|  |TAMS 0x000000074f200000, 0x000000074f200000| Untracked 
|  73|0x000000074f400000, 0x000000074f400000, 0x000000074f600000|  0%| F|  |TAMS 0x000000074f400000, 0x000000074f400000| Untracked 
|  74|0x000000074f600000, 0x000000074f600000, 0x000000074f800000|  0%| F|  |TAMS 0x000000074f600000, 0x000000074f600000| Untracked 
|  75|0x000000074f800000, 0x000000074f800000, 0x000000074fa00000|  0%| F|  |TAMS 0x000000074f800000, 0x000000074f800000| Untracked 
|  76|0x000000074fa00000, 0x000000074fa00000, 0x000000074fc00000|  0%| F|  |TAMS 0x000000074fa00000, 0x000000074fa00000| Untracked 
|  77|0x000000074fc00000, 0x000000074fc00000, 0x000000074fe00000|  0%| F|  |TAMS 0x000000074fc00000, 0x000000074fc00000| Untracked 
|  78|0x000000074fe00000, 0x000000074fe00000, 0x0000000750000000|  0%| F|  |TAMS 0x000000074fe00000, 0x000000074fe00000| Untracked 
|  79|0x0000000750000000, 0x0000000750000000, 0x0000000750200000|  0%| F|  |TAMS 0x0000000750000000, 0x0000000750000000| Untracked 
|  80|0x0000000750200000, 0x0000000750200000, 0x0000000750400000|  0%| F|  |TAMS 0x0000000750200000, 0x0000000750200000| Untracked 
|  81|0x0000000750400000, 0x0000000750400000, 0x0000000750600000|  0%| F|  |TAMS 0x0000000750400000, 0x0000000750400000| Untracked 
|  82|0x0000000750600000, 0x0000000750600000, 0x0000000750800000|  0%| F|  |TAMS 0x0000000750600000, 0x0000000750600000| Untracked 
|  83|0x0000000750800000, 0x0000000750800000, 0x0000000750a00000|  0%| F|  |TAMS 0x0000000750800000, 0x0000000750800000| Untracked 
|  84|0x0000000750a00000, 0x0000000750a00000, 0x0000000750c00000|  0%| F|  |TAMS 0x0000000750a00000, 0x0000000750a00000| Untracked 
|  85|0x0000000750c00000, 0x0000000750c00000, 0x0000000750e00000|  0%| F|  |TAMS 0x0000000750c00000, 0x0000000750c00000| Untracked 
|  86|0x0000000750e00000, 0x0000000750e00000, 0x0000000751000000|  0%| F|  |TAMS 0x0000000750e00000, 0x0000000750e00000| Untracked 
|  87|0x0000000751000000, 0x0000000751000000, 0x0000000751200000|  0%| F|  |TAMS 0x0000000751000000, 0x0000000751000000| Untracked 
|  88|0x0000000751200000, 0x0000000751200000, 0x0000000751400000|  0%| F|  |TAMS 0x0000000751200000, 0x0000000751200000| Untracked 
|  89|0x0000000751400000, 0x00000007515722a8, 0x0000000751600000| 72%| E|  |TAMS 0x0000000751400000, 0x0000000751400000| Complete 
|  90|0x0000000751600000, 0x0000000751800000, 0x0000000751800000|100%| E|CS|TAMS 0x0000000751600000, 0x0000000751600000| Complete 
|  91|0x0000000751800000, 0x0000000751a00000, 0x0000000751a00000|100%| E|CS|TAMS 0x0000000751800000, 0x0000000751800000| Complete 
|  92|0x0000000751a00000, 0x0000000751c00000, 0x0000000751c00000|100%| E|CS|TAMS 0x0000000751a00000, 0x0000000751a00000| Complete 

Card table byte_map: [0x0000020d21d40000,0x0000020d22310000] _byte_map_base: 0x0000020d1e30f000

Marking Bits (Prev, Next): (CMBitMap*) 0x0000020d0b02d990, (CMBitMap*) 0x0000020d0b02d9d0
 Prev Bits: [0x0000020d228e0000, 0x0000020d25758000)
 Next Bits: [0x0000020d25760000, 0x0000020d285d8000)

Polling page: 0x0000020d0a7d0000

Metaspace:

Usage:
  Non-class:      2.69 MB used.
      Class:    246.78 KB used.
       Both:      2.93 MB used.

Virtual space:
  Non-class space:        8.00 MB reserved,       2.75 MB ( 34%) committed,  1 nodes.
      Class space:        1.00 GB reserved,     320.00 KB ( <1%) committed,  1 nodes.
              Both:        1.01 GB reserved,       3.06 MB ( <1%) committed. 

Chunk freelists:
   Non-Class:  3.59 MB
       Class:  3.72 MB
        Both:  7.32 MB

MaxMetaspaceSize: 17179869184.00 GB
CompressedClassSpaceSize: 1.00 GB
 - commit_granule_bytes: 65536.
 - commit_granule_words: 8192.
 - virtual_space_node_default_size: 1048576.
 - enlarge_chunks_in_place: 1.
 - new_chunks_are_fully_committed: 0.
 - uncommit_free_chunks: 1.
 - use_allocation_guard: 0.
 - handle_deallocations: 1.


Internal statistics:

num_allocs_failed_limit: 0.
num_arena_births: 12.
num_arena_deaths: 0.
num_vsnodes_births: 2.
num_vsnodes_deaths: 0.
num_space_committed: 49.
num_space_uncommitted: 0.
num_chunks_returned_to_freelist: 0.
num_chunks_taken_from_freelist: 42.
num_chunk_merges: 0.
num_chunk_splits: 21.
num_chunks_enlarged: 13.
num_purges: 0.

CodeHeap 'non-profiled nmethods': size=120000Kb used=167Kb max_used=167Kb free=119832Kb
 bounds [0x0000020d1a240000, 0x0000020d1a4b0000, 0x0000020d21770000]
CodeHeap 'profiled nmethods': size=120000Kb used=748Kb max_used=748Kb free=119251Kb
 bounds [0x0000020d12d10000, 0x0000020d12f80000, 0x0000020d1a240000]
CodeHeap 'non-nmethods': size=5760Kb used=1222Kb max_used=1243Kb free=4537Kb
 bounds [0x0000020d12770000, 0x0000020d129e0000, 0x0000020d12d10000]
 total_blobs=961 nmethods=528 adapters=346
 compilation: enabled
              stopped_count=0, restarted_count=0
 full_count=0

Compilation events (20 events):
Event: 977.716 Thread 0x0000020d2aa85ec0 

Event: 1034.533 Thread 0x0000020d2aab08f0  563       3       org.eclipse.jdt.launching.internal.org.objectweb.asm.ClassReader::readClass (7 bytes)
Event: 1034.533 Thread 0x0000020d2aa85ec0  564       4       org.eclipse.jdt.launching.internal.org.objectweb.asm.ClassReader::readUTF8 (23 bytes)
Event: 1034.533 Thread 0x0000020d2aab08f0 nmethod 563 0x0000020d12dca490 code [0x0000020d12dca660, 0x0000020d12dca9e8]
Event: 1034.534 Thread 0x0000020d2aab08f0  566       3       org.eclipse.jdt.launching.internal.org.objectweb.asm.ByteVector::putByteArray (49 bytes)
Event: 1034.534 Thread 0x0000020d2aab08f0 nmethod 566 0x0000020d12dcab90 code [0x0000020d12dcad40, 0x0000020d12dcb018]
Event: 1034.562 Thread 0x0000020d2aa85ec0 

Event: 1034.562 Thread 0x0000020d2aa85ec0  565       4       org.eclipse.jdt.launching.internal.org.objectweb.asm.ClassReader::readUtf (44 bytes)
Event: 1034.584 Thread 0x0000020d2aa85ec0 nmethod 565 0x0000020d1a267f90 code [0x0000020d1a268160, 0x0000020d1a269198]
Event: 1051.556 Thread 0x0000020d2aa85ec0  567       4       org.eclipse.jdt.launching.internal.org.objectweb.asm.SymbolTable::add (39 bytes)
Event: 1051.560 Thread 0x0000020d2aa85ec0 

Event: 1132.174 Thread 0x0000020d2aa85ec0  568       4       java.lang.String::hashCode (60 bytes)
Event: 1132.180 Thread 0x0000020d2aa85ec0 

Event: 1265.129 Thread 0x0000020d2aa85ec0  569       4       java.lang.String::hashCode (60 bytes)
Event: 1265.137 Thread 0x0000020d2aa85ec0 

Event: 1268.255 Thread 0x0000020d2aa85ec0  571       4       org.eclipse.jdt.launching.internal.org.objectweb.asm.SymbolTable::add (39 bytes)
Event: 1268.259 Thread 0x0000020d2aa85ec0 

Event: 1268.259 Thread 0x0000020d2aa85ec0  570       4       org.eclipse.jdt.launching.internal.org.objectweb.asm.ClassReader::readUTF8 (23 bytes)
Event: 1268.260 Thread 0x0000020d2aa85ec0 nmethod 570 0x0000020d1a269a10 code [0x0000020d1a269ba0, 0x0000020d1a269d88]
Event: 1654.709 Thread 0x0000020d2aa85ec0  572       4       org.eclipse.jdt.launching.internal.org.objectweb.asm.SymbolTable$Entry::<init> (17 bytes)

GC Heap History (0 events):
No events

Deoptimization events (20 events):
Event: 0.528 Thread 0x0000020d0afea820 DEOPT PACKING pc=0x0000020d12d804fc sp=0x000000f15e9f8100
Event: 0.528 Thread 0x0000020d0afea820 DEOPT UNPACKING pc=0x0000020d127bdece sp=0x000000f15e9f7568 mode 0
Event: 0.532 Thread 0x0000020d0afea820 DEOPT PACKING pc=0x0000020d12d804fc sp=0x000000f15e9f8100
Event: 0.532 Thread 0x0000020d0afea820 DEOPT UNPACKING pc=0x0000020d127bdece sp=0x000000f15e9f7568 mode 0
Event: 0.533 Thread 0x0000020d0afea820 DEOPT PACKING pc=0x0000020d12d804fc sp=0x000000f15e9f8100
Event: 0.533 Thread 0x0000020d0afea820 DEOPT UNPACKING pc=0x0000020d127bdece sp=0x000000f15e9f7568 mode 0
Event: 0.537 Thread 0x0000020d0afea820 DEOPT PACKING pc=0x0000020d12d804fc sp=0x000000f15e9f8100
Event: 0.537 Thread 0x0000020d0afea820 DEOPT UNPACKING pc=0x0000020d127bdece sp=0x000000f15e9f7568 mode 0
Event: 0.538 Thread 0x0000020d0afea820 DEOPT PACKING pc=0x0000020d12d804fc sp=0x000000f15e9f8100
Event: 0.538 Thread 0x0000020d0afea820 DEOPT UNPACKING pc=0x0000020d127bdece sp=0x000000f15e9f7568 mode 0
Event: 0.538 Thread 0x0000020d0afea820 DEOPT PACKING pc=0x0000020d12d804fc sp=0x000000f15e9f8100
Event: 0.538 Thread 0x0000020d0afea820 DEOPT UNPACKING pc=0x0000020d127bdece sp=0x000000f15e9f7568 mode 0
Event: 0.598 Thread 0x0000020d0afea820 Uncommon trap: trap_request=0xffffff45 fr.pc=0x0000020d1a2488e8 relative=0x0000000000000248
Event: 0.598 Thread 0x0000020d0afea820 Uncommon trap: reason=unstable_if action=reinterpret pc=0x0000020d1a2488e8 method=java.lang.String.isLatin1()Z @ 10 c2
Event: 0.598 Thread 0x0000020d0afea820 DEOPT PACKING pc=0x0000020d1a2488e8 sp=0x000000f15e9fcb00
Event: 0.598 Thread 0x0000020d0afea820 DEOPT UNPACKING pc=0x0000020d127bd72e sp=0x000000f15e9fca30 mode 2
Event: 0.605 Thread 0x0000020d0afea820 Uncommon trap: trap_request=0xffffff45 fr.pc=0x0000020d1a252fe8 relative=0x0000000000000048
Event: 0.605 Thread 0x0000020d0afea820 Uncommon trap: reason=unstable_if action=reinterpret pc=0x0000020d1a252fe8 method=java.lang.CharacterData.of(I)Ljava/lang/CharacterData; @ 4 c2
Event: 0.605 Thread 0x0000020d0afea820 DEOPT PACKING pc=0x0000020d1a252fe8 sp=0x000000f15e9fe8d0
Event: 0.605 Thread 0x0000020d0afea820 DEOPT UNPACKING pc=0x0000020d127bd72e sp=0x000000f15e9fe870 mode 2

Classes unloaded (0 events):
No events

Classes redefined (20 events):
Event: 910.005 Thread 0x0000020d2aa6ab20 redefined class name=RoboWalkApp, count=63
Event: 934.509 Thread 0x0000020d2aa6ab20 redefined class name=RoboWalkApp, count=64
Event: 971.140 Thread 0x0000020d2aa6ab20 redefined class name=RoboWalkApp, count=65
Event: 977.711 Thread 0x0000020d2aa6ab20 redefined class name=RoboWalkApp, count=66
Event: 1001.486 Thread 0x0000020d2aa6ab20 redefined class name=RoboWalkApp, count=67
Event: 1034.535 Thread 0x0000020d2aa6ab20 redefined class name=RoboWalkApp, count=68
Event: 1051.557 Thread 0x0000020d2aa6ab20 redefined class name=RoboWalkApp, count=69
Event: 1054.603 Thread 0x0000020d2aa6ab20 redefined class name=RoboWalkApp, count=70
Event: 1132.175 Thread 0x0000020d2aa6ab20 redefined class name=RoboWalkApp, count=71
Event: 1136.542 Thread 0x0000020d2aa6ab20 redefined class name=RoboWalkApp, count=72
Event: 1173.812 Thread 0x0000020d2aa6ab20 redefined class name=RoboWalkApp, count=73
Event: 1245.958 Thread 0x0000020d2aa6ab20 redefined class name=RoboWalkApp, count=74
Event: 1254.684 Thread 0x0000020d2aa6ab20 redefined class name=RoboWalkApp, count=75
Event: 1263.540 Thread 0x0000020d2aa6ab20 redefined class name=RoboWalkApp, count=76
Event: 1265.130 Thread 0x0000020d2aa6ab20 redefined class name=RoboWalkApp, count=77
Event: 1268.256 Thread 0x0000020d2aa6ab20 redefined class name=RoboWalkApp, count=78
Event: 1286.503 Thread 0x0000020d2aa6ab20 redefined class name=RoboWalkApp, count=79
Event: 1380.373 Thread 0x0000020d2aa6ab20 redefined class name=RoboWalkApp, count=80
Event: 1417.608 Thread 0x0000020d2aa6ab20 redefined class name=RoboWalkApp, count=81
Event: 1612.650 Thread 0x0000020d2aa6ab20 redefined class name=RoboWalkApp, count=82

Internal exceptions (1 events):
Event: 0.475 Thread 0x0000020d0afea820 Exception <a 'java/lang/NoSuchMethodError'{0x00000007519ac610}: 'java.lang.Object java.lang.invoke.DirectMethodHandle$Holder.invokeStatic(java.lang.Object)'> (0x00000007519ac610) 
thrown [t:\workspace\open\src\hotspot\share\interpreter\linkResolver.cpp, line 790]

Events (20 events):
Event: 1173.812 Executing  VM operation: RedefineClasses
Event: 1173.814 Executing  VM operation: RedefineClasses done
Event: 1245.957 Executing  VM operation: RedefineClasses
Event: 1245.959 Executing  VM operation: RedefineClasses done
Event: 1254.684 Executing  VM operation: RedefineClasses
Event: 1254.686 Executing  VM operation: RedefineClasses done
Event: 1263.539 Executing  VM operation: RedefineClasses
Event: 1263.541 Executing  VM operation: RedefineClasses done
Event: 1265.129 Executing  VM operation: RedefineClasses
Event: 1265.132 Executing  VM operation: RedefineClasses done
Event: 1268.255 Executing  VM operation: RedefineClasses
Event: 1268.257 Executing  VM operation: RedefineClasses done
Event: 1286.502 Executing  VM operation: RedefineClasses
Event: 1286.504 Executing  VM operation: RedefineClasses done
Event: 1380.373 Executing  VM operation: RedefineClasses
Event: 1380.376 Executing  VM operation: RedefineClasses done
Event: 1417.607 Executing  VM operation: RedefineClasses
Event: 1417.610 Executing  VM operation: RedefineClasses done
Event: 1612.650 Executing  VM operation: RedefineClasses
Event: 1612.652 Executing  VM operation: RedefineClasses done


Dynamic libraries:
0x00007ff6b96c0000 - 0x00007ff6b96d0000 	C:\Program Files\Java\jdk-16.0.1\bin\javaw.exe
0x00007fffd1230000 - 0x00007fffd1425000 	C:\Windows\SYSTEM32\ntdll.dll
0x00007fffcfd30000 - 0x00007fffcfded000 	C:\Windows\System32\KERNEL32.DLL
0x00007fffce970000 - 0x00007fffcec39000 	C:\Windows\System32\KERNELBASE.dll
0x00007fffcee30000 - 0x00007fffcef30000 	C:\Windows\System32\ucrtbase.dll
0x00007fff94810000 - 0x00007fff94828000 	C:\Program Files\Java\jdk-16.0.1\bin\jli.dll
0x00007fffcff20000 - 0x00007fffcffcc000 	C:\Windows\System32\ADVAPI32.dll
0x00007fffd09e0000 - 0x00007fffd0a7e000 	C:\Windows\System32\msvcrt.dll
0x00007fffd0a80000 - 0x00007fffd0b1b000 	C:\Windows\System32\sechost.dll
0x00007fffcfdf0000 - 0x00007fffcff1a000 	C:\Windows\System32\RPCRT4.dll
0x00007fffd06b0000 - 0x00007fffd0850000 	C:\Windows\System32\USER32.dll
0x00007fffcefe0000 - 0x00007fffcf002000 	C:\Windows\System32\win32u.dll
0x00007fffd0670000 - 0x00007fffd069a000 	C:\Windows\System32\GDI32.dll
0x00007fffcf0f0000 - 0x00007fffcf1fb000 	C:\Windows\System32\gdi32full.dll
0x00007fffcf200000 - 0x00007fffcf29d000 	C:\Windows\System32\msvcp_win.dll
0x00007fff8ef10000 - 0x00007fff8ef29000 	C:\Program Files\Java\jdk-16.0.1\bin\VCRUNTIME140.dll
0x00007fffb9b00000 - 0x00007fffb9d9a000 	C:\Windows\WinSxS\amd64_microsoft.windows.common-controls_6595b64144ccf1df_6.0.19041.1110_none_60b5254171f9507e\COMCTL32.dll
0x00007fffc81d0000 - 0x00007fffc81da000 	C:\Windows\SYSTEM32\VERSION.dll
0x00007fffd0c60000 - 0x00007fffd0c90000 	C:\Windows\System32\IMM32.DLL
0x00007fffaccf0000 - 0x00007fffaccfc000 	C:\Program Files\Java\jdk-16.0.1\bin\vcruntime140_1.dll
0x00007fff74710000 - 0x00007fff747a1000 	C:\Program Files\Java\jdk-16.0.1\bin\msvcp140.dll
0x00007fff73b60000 - 0x00007fff7470b000 	C:\Program Files\Java\jdk-16.0.1\bin\server\jvm.dll
0x00007fffd0cf0000 - 0x00007fffd0cf8000 	C:\Windows\System32\PSAPI.DLL
0x00007fffbba60000 - 0x00007fffbba69000 	C:\Windows\SYSTEM32\WSOCK32.dll
0x00007fffcf3c0000 - 0x00007fffcf42b000 	C:\Windows\System32\WS2_32.dll
0x00007fffb5610000 - 0x00007fffb5637000 	C:\Windows\SYSTEM32\WINMM.dll
0x00007fffcd230000 - 0x00007fffcd242000 	C:\Windows\SYSTEM32\kernel.appcore.dll
0x00007fffab400000 - 0x00007fffab40a000 	C:\Program Files\Java\jdk-16.0.1\bin\jimage.dll
0x00007fffc9640000 - 0x00007fffc9824000 	C:\Windows\SYSTEM32\DBGHELP.DLL
0x00007fffbb9e0000 - 0x00007fffbba0c000 	C:\Windows\SYSTEM32\dbgcore.DLL
0x00007fffcec40000 - 0x00007fffcecc3000 	C:\Windows\System32\bcryptPrimitives.dll
0x00007fffa94e0000 - 0x00007fffa951b000 	C:\Program Files\Java\jdk-16.0.1\bin\jdwp.dll
0x00007fffbb860000 - 0x00007fffbb86e000 	C:\Program Files\Java\jdk-16.0.1\bin\instrument.dll
0x00007fff8ddc0000 - 0x00007fff8dde5000 	C:\Program Files\Java\jdk-16.0.1\bin\java.dll
0x00007fffcf430000 - 0x00007fffcfb6f000 	C:\Windows\System32\SHELL32.dll
0x00007fffcca50000 - 0x00007fffcd1e1000 	C:\Windows\SYSTEM32\windows.storage.dll
0x00007fffd0dc0000 - 0x00007fffd1115000 	C:\Windows\System32\combase.dll
0x00007fffce3e0000 - 0x00007fffce40c000 	C:\Windows\SYSTEM32\Wldp.dll
0x00007fffd1120000 - 0x00007fffd11ce000 	C:\Windows\System32\SHCORE.dll
0x00007fffd0c90000 - 0x00007fffd0ce5000 	C:\Windows\System32\shlwapi.dll
0x00007fffce8b0000 - 0x00007fffce8cf000 	C:\Windows\SYSTEM32\profapi.dll
0x00007fffbb850000 - 0x00007fffbb85c000 	C:\Program Files\Java\jdk-16.0.1\bin\dt_socket.dll
0x00007fffcdde0000 - 0x00007fffcde1b000 	C:\Windows\SYSTEM32\IPHLPAPI.DLL
0x00007fffce140000 - 0x00007fffce1aa000 	C:\Windows\system32\mswsock.dll
0x00007fffcde30000 - 0x00007fffcdefc000 	C:\Windows\SYSTEM32\DNSAPI.dll
0x00007fffcfd20000 - 0x00007fffcfd28000 	C:\Windows\System32\NSI.dll
0x00007fffc62a0000 - 0x00007fffc62aa000 	C:\Windows\System32\rasadhlp.dll
0x00007fffc1950000 - 0x00007fffc19cf000 	C:\Windows\System32\fwpuclnt.dll
0x00007fffcf070000 - 0x00007fffcf097000 	C:\Windows\System32\bcrypt.dll
0x00007fff81180000 - 0x00007fff81198000 	C:\Program Files\Java\jdk-16.0.1\bin\zip.dll
0x00007fff8ea30000 - 0x00007fff8ea49000 	C:\Program Files\Java\jdk-16.0.1\bin\net.dll
0x00007fffcbb50000 - 0x00007fffcbc5a000 	C:\Windows\SYSTEM32\WINHTTP.dll
0x00007fff811c0000 - 0x00007fff811d3000 	C:\Program Files\Java\jdk-16.0.1\bin\nio.dll
0x00007fffa7ae0000 - 0x00007fffa7af0000 	C:\Program Files\Java\jdk-16.0.1\bin\verify.dll

dbghelp: loaded successfully - version: 4.0.5 - missing functions: none
symbol engine: initialized successfully - sym options: 0x614 - pdb path: .;C:\Program Files\Java\jdk-16.0.1\bin;C:\Windows\SYSTEM32;C:\Windows\WinSxS\amd64_microsoft.windows.common-controls_6595b64144ccf1df_6.0.19041.1110_none_60b5254171f9507e;C:\Program Files\Java\jdk-16.0.1\bin\server

VM Arguments:
jvm_args: -XX:+ShowCodeDetailsInExceptionMessages -agentlib:jdwp=transport=dt_socket,suspend=y,address=localhost:50400 -javaagent:C:\Users\alexm\eclipse\jee-2021-06\eclipse\configuration\org.eclipse.osgi\415\0\.cp\lib\javaagent-shaded.jar -Dfile.encoding=UTF-8 
java_command: RoboWalkApp
java_class_path (initial): C:\Users\alexm\myGitHub\RoboWalkApp\RoboWalkApp\bin
Launcher Type: SUN_STANDARD

[Global flags]
     intx CICompilerCount                          = 3                                         {product} {ergonomic}
     uint ConcGCThreads                            = 1                                         {product} {ergonomic}
     uint G1ConcRefinementThreads                  = 4                                         {product} {ergonomic}
   size_t G1HeapRegionSize                         = 2097152                                   {product} {ergonomic}
    uintx GCDrainStackTargetSize                   = 64                                        {product} {ergonomic}
   size_t InitialHeapSize                          = 195035136                                 {product} {ergonomic}
   size_t MarkStackSize                            = 4194304                                   {product} {ergonomic}
   size_t MaxHeapSize                              = 3118465024                                {product} {ergonomic}
   size_t MaxNewSize                               = 1870659584                                {product} {ergonomic}
   size_t MinHeapDeltaBytes                        = 2097152                                   {product} {ergonomic}
   size_t MinHeapSize                              = 8388608                                   {product} {ergonomic}
    uintx NonNMethodCodeHeapSize                   = 5832780                                {pd product} {ergonomic}
    uintx NonProfiledCodeHeapSize                  = 122912730                              {pd product} {ergonomic}
    uintx ProfiledCodeHeapSize                     = 122912730                              {pd product} {ergonomic}
    uintx ReservedCodeCacheSize                    = 251658240                              {pd product} {ergonomic}
     bool SegmentedCodeCache                       = true                                      {product} {ergonomic}
     bool ShowCodeDetailsInExceptionMessages       = true                                   {manageable} {command line}
   size_t SoftMaxHeapSize                          = 3118465024                             {manageable} {ergonomic}
     bool UseCompressedClassPointers               = true                           {product lp64_product} {ergonomic}
     bool UseCompressedOops                        = true                           {product lp64_product} {ergonomic}
     bool UseG1GC                                  = true                                      {product} {ergonomic}
     bool UseLargePagesIndividualAllocation        = false                                  {pd product} {ergonomic}

Logging:
Log output configuration:
 #0: stdout all=warning uptime,level,tags
 #1: stderr all=off uptime,level,tags

Environment Variables:
PATH=C:\Program Files\Common Files\Oracle\Java\javapath;C:\Windows\system32;C:\Windows;C:\Windows\System32\Wbem;C:\Windows\System32\WindowsPowerShell\v1.0\;C:\Windows\System32\OpenSSH\;C:\Program Files (x86)\Intel\Intel(R) Management Engine Components\DAL;C:\Program Files\Intel\Intel(R) Management Engine Components\DAL;C:\Program Files\Git\cmd;C:\Users\alexm\anaconda3;C:\Users\alexm\anaconda3\Library\mingw-w64\bin;C:\Users\alexm\anaconda3\Library\usr\bin;C:\Users\alexm\anaconda3\Library\bin;C:\Users\alexm\anaconda3\Scripts;C:\Users\alexm\AppData\Local\Programs\Python\Python39\Scripts\;C:\Users\alexm\AppData\Local\Programs\Python\Python39\;C:\Users\alexm\AppData\Local\Microsoft\WindowsApps;C:\Users\alexm\AppData\Local\GitHubDesktop\bin;C:\Users\alexm\AppData\Local\Programs\Microsoft VS Code\bin
USERNAME=alexm
OS=Windows_NT
PROCESSOR_IDENTIFIER=Intel64 Family 6 Model 142 Stepping 9, GenuineIntel



---------------  S Y S T E M  ---------------

OS:
 Windows 10 , 64 bit Build 19041 (10.0.19041.1023)
OS uptime: 0 days 23:30 hours

CPU: total 4 (initial active 4) (2 cores per cpu, 2 threads per core) family 6 model 142 stepping 9 microcode 0xea, cx8, cmov, fxsr, ht, mmx, 3dnowpref, sse, sse2, sse3, ssse3, sse4.1, sse4.2, popcnt, lzcnt, tsc, tscinvbit, avx, avx2, aes, erms, clmul, bmi1, bmi2, rtm, adx, fma, vzeroupper, clflush, clflushopt

Memory: 4k page, system-wide physical 11891M (3563M free)
TotalPageFile size 27940M (AvailPageFile size 0M)
current process WorkingSet (physical memory assigned to process): 45M, peak: 46M
current process commit charge ("private bytes"): 265M, peak: 268M

vm_info: Java HotSpot(TM) 64-Bit Server VM (16.0.1+9-24) for windows-amd64 JRE (16.0.1+9-24), built on Mar 26 2021 19:31:42 by "mach5one" with MS VC++ 16.7 (VS2019)

END.
