#
# There is insufficient memory for the Java Runtime Environment to continue.
# Native memory allocation (malloc) failed to allocate 32744 bytes for ChunkPool::allocate
# Possible reasons:
#   The system is out of physical RAM or swap space
#   The process is running with CompressedOops enabled, and the Java Heap may be blocking the growth of the native heap
# Possible solutions:
#   Reduce memory load on the system
#   Increase physical memory or swap space
#   Check if swap backing store is full
#   Decrease Java heap size (-Xmx/-Xms)
#   Decrease number of Java threads
#   Decrease Java thread stack sizes (-Xss)
#   Set larger code cache with -XX:ReservedCodeCacheSize=
#   JVM is running with Zero Based Compressed Oops mode in which the Java heap is
#     placed in the first 32GB address space. The Java Heap base address is the
#     maximum limit for the native heap growth. Please use -XX:HeapBaseMinAddress
#     to set the Java Heap base and to place the Java Heap above 32GB virtual address.
# This output file may be truncated or incomplete.
#
#  Out of Memory Error (arena.cpp:79), pid=17372, tid=16840
#
# JRE version: Java(TM) SE Runtime Environment (16.0.1+9) (build 16.0.1+9-24)
# Java VM: Java HotSpot(TM) 64-Bit Server VM (16.0.1+9-24, mixed mode, sharing, tiered, compressed oops, compressed class ptrs, g1 gc, windows-amd64)
# No core dump will be written. Minidumps are not enabled by default on client versions of Windows
#

---------------  S U M M A R Y ------------

Command Line: -XX:+ShowCodeDetailsInExceptionMessages -agentlib:jdwp=transport=dt_socket,suspend=y,address=localhost:50392 -javaagent:C:\Users\alexm\eclipse\jee-2021-06\eclipse\configuration\org.eclipse.osgi\415\0\.cp\lib\javaagent-shaded.jar -Dfile.encoding=UTF-8 RoboWalkApp

Host: Intel(R) Core(TM) i7-7600U CPU @ 2.80GHz, 4 cores, 11G,  Windows 10 , 64 bit Build 19041 (10.0.19041.1023)
Time: Sat Jul 24 17:23:24 2021 E. Europe Daylight Time elapsed time: 1806.696812 seconds (0d 0h 30m 6s)

---------------  T H R E A D  ---------------

Current thread (0x0000024ecd7cce80):  JavaThread "C1 CompilerThread0" daemon [_thread_in_native, id=16840, stack(0x0000006e78d00000,0x0000006e78e00000)]


Current CompileTask:
C1:1806696  597       3       org.eclipse.jdt.launching.internal.org.objectweb.asm.ClassReader::readMethod (1061 bytes)

Stack: [0x0000006e78d00000,0x0000006e78e00000]
Native frames: (J=compiled Java code, j=interpreted, Vv=VM code, C=native code)
V  [jvm.dll+0x6687ca]
V  [jvm.dll+0x7ca3c9]
V  [jvm.dll+0x7cbb53]
V  [jvm.dll+0x7cc1b3]
V  [jvm.dll+0x242ea5]
V  [jvm.dll+0xae25f]
V  [jvm.dll+0xae5ac]
V  [jvm.dll+0x18e860]
V  [jvm.dll+0x13d29c]
V  [jvm.dll+0x13718f]
V  [jvm.dll+0x146c76]
V  [jvm.dll+0x132800]
V  [jvm.dll+0x132b80]
V  [jvm.dll+0x132e49]
V  [jvm.dll+0x1322af]
V  [jvm.dll+0x134071]
V  [jvm.dll+0x2253a8]
V  [jvm.dll+0x2233ec]
V  [jvm.dll+0x780002]
V  [jvm.dll+0x779b4a]
V  [jvm.dll+0x667666]
C  [ucrtbase.dll+0x21bb2]
C  [KERNEL32.DLL+0x17034]
C  [ntdll.dll+0x52651]


---------------  P R O C E S S  ---------------

Threads class SMR info:
_java_thread_list=0x0000024ece63d370, length=15, elements={
0x0000024eadd2a820, 0x0000024ecd7acb00, 0x0000024ecd7ae2f0, 0x0000024ecd7bb1d0,
0x0000024ecd7bbce0, 0x0000024ecd7beea0, 0x0000024ecd7bff50, 0x0000024ecd7c4830,
0x0000024ecd7cce80, 0x0000024ecd7e3810, 0x0000024ecd78ede0, 0x0000024ece4f9380,
0x0000024ece51b5a0, 0x0000024ece51ddf0, 0x0000024ece66c7a0
}

Java Threads: ( => current thread )
  0x0000024eadd2a820 JavaThread "main" [_thread_in_native, id=18256, stack(0x0000006e77f00000,0x0000006e78000000)]
  0x0000024ecd7acb00 JavaThread "Reference Handler" daemon [_thread_blocked, id=11856, stack(0x0000006e78600000,0x0000006e78700000)]
  0x0000024ecd7ae2f0 JavaThread "Finalizer" daemon [_thread_blocked, id=9412, stack(0x0000006e78700000,0x0000006e78800000)]
  0x0000024ecd7bb1d0 JavaThread "Signal Dispatcher" daemon [_thread_blocked, id=16304, stack(0x0000006e78800000,0x0000006e78900000)]
  0x0000024ecd7bbce0 JavaThread "Attach Listener" daemon [_thread_blocked, id=15636, stack(0x0000006e78900000,0x0000006e78a00000)]
  0x0000024ecd7beea0 JavaThread "Service Thread" daemon [_thread_blocked, id=3776, stack(0x0000006e78a00000,0x0000006e78b00000)]
  0x0000024ecd7bff50 JavaThread "Monitor Deflation Thread" daemon [_thread_blocked, id=16260, stack(0x0000006e78b00000,0x0000006e78c00000)]
  0x0000024ecd7c4830 JavaThread "C2 CompilerThread0" daemon [_thread_blocked, id=17836, stack(0x0000006e78c00000,0x0000006e78d00000)]
=>0x0000024ecd7cce80 JavaThread "C1 CompilerThread0" daemon [_thread_in_native, id=16840, stack(0x0000006e78d00000,0x0000006e78e00000)]
  0x0000024ecd7e3810 JavaThread "Sweeper thread" daemon [_thread_blocked, id=15352, stack(0x0000006e78e00000,0x0000006e78f00000)]
  0x0000024ecd78ede0 JavaThread "Common-Cleaner" daemon [_thread_blocked, id=9264, stack(0x0000006e78f00000,0x0000006e79000000)]
  0x0000024ece4f9380 JavaThread "JDWP Transport Listener: dt_socket" daemon [_thread_blocked, id=13608, stack(0x0000006e79000000,0x0000006e79100000)]
  0x0000024ece51b5a0 JavaThread "JDWP Event Helper Thread" daemon [_thread_blocked, id=15920, stack(0x0000006e79100000,0x0000006e79200000)]
  0x0000024ece51ddf0 JavaThread "JDWP Command Reader" daemon [_thread_in_native, id=19060, stack(0x0000006e79200000,0x0000006e79300000)]
  0x0000024ece66c7a0 JavaThread "Notification Thread" daemon [_thread_blocked, id=1992, stack(0x0000006e79300000,0x0000006e79400000)]

Other Threads:
  0x0000024ecd7a7800 VMThread "VM Thread" [stack: 0x0000006e78500000,0x0000006e78600000] [id=17116]
  0x0000024eadd2b730 WatcherThread [stack: 0x0000006e79400000,0x0000006e79500000] [id=5712]
  0x0000024eadd6d410 GCTaskThread "GC Thread#0" [stack: 0x0000006e78000000,0x0000006e78100000] [id=6408]
  0x0000024eadd7a4d0 ConcurrentGCThread "G1 Main Marker" [stack: 0x0000006e78100000,0x0000006e78200000] [id=8512]
  0x0000024eadd7be60 ConcurrentGCThread "G1 Conc#0" [stack: 0x0000006e78200000,0x0000006e78300000] [id=11180]
  0x0000024eaddfe3d0 ConcurrentGCThread "G1 Refine#0" [stack: 0x0000006e78300000,0x0000006e78400000] [id=10840]
  0x0000024ecd670830 ConcurrentGCThread "G1 Service" [stack: 0x0000006e78400000,0x0000006e78500000] [id=13740]

Threads with active compile tasks:
C1 CompilerThread0  1806748  597       3       org.eclipse.jdt.launching.internal.org.objectweb.asm.ClassReader::readMethod (1061 bytes)

VM state: not at safepoint (normal execution)

VM Mutex/Monitor currently owned by a thread: None

Heap address: 0x0000000746200000, size: 2974 MB, Compressed Oops mode: Zero based, Oop shift amount: 3

CDS archive(s) mapped at: [0x0000000800000000-0x0000000800bb0000-0x0000000800bb0000), size 12255232, SharedBaseAddress: 0x0000000800000000, ArchiveRelocationMode: 0.
Compressed class space mapped at: 0x0000000800c00000-0x0000000840c00000, reserved size: 1073741824
Narrow klass base: 0x0000000800000000, Narrow klass shift: 3, Narrow klass range: 0x100000000

GC Precious Log:
 CPUs: 4 total, 4 available
 Memory: 11891M
 Large Page Support: Disabled
 NUMA Support: Disabled
 Compressed Oops: Enabled (Zero based)
 Heap Region Size: 2M
 Heap Min Capacity: 8M
 Heap Initial Capacity: 186M
 Heap Max Capacity: 2974M
 Pre-touch: Disabled
 Parallel Workers: 4
 Concurrent Workers: 1
 Concurrent Refinement Workers: 4
 Periodic GC: Disabled

Heap:
 garbage-first heap   total 190464K, used 6144K [0x0000000746200000, 0x0000000800000000)
  region size 2048K, 4 young (8192K), 0 survivors (0K)
 Metaspace       used 3001K, committed 3136K, reserved 1056768K
  class space    used 246K, committed 320K, reserved 1048576K

Heap Regions: E=young(eden), S=young(survivor), O=old, HS=humongous(starts), HC=humongous(continues), CS=collection set, F=free, OA=open archive, CA=closed archive, TAMS=top-at-mark-start (previous, next)
|   0|0x0000000746200000, 0x0000000746200000, 0x0000000746400000|  0%| F|  |TAMS 0x0000000746200000, 0x0000000746200000| Untracked 
|   1|0x0000000746400000, 0x0000000746400000, 0x0000000746600000|  0%| F|  |TAMS 0x0000000746400000, 0x0000000746400000| Untracked 
|   2|0x0000000746600000, 0x0000000746600000, 0x0000000746800000|  0%| F|  |TAMS 0x0000000746600000, 0x0000000746600000| Untracked 
|   3|0x0000000746800000, 0x0000000746800000, 0x0000000746a00000|  0%| F|  |TAMS 0x0000000746800000, 0x0000000746800000| Untracked 
|   4|0x0000000746a00000, 0x0000000746a00000, 0x0000000746c00000|  0%| F|  |TAMS 0x0000000746a00000, 0x0000000746a00000| Untracked 
|   5|0x0000000746c00000, 0x0000000746c00000, 0x0000000746e00000|  0%| F|  |TAMS 0x0000000746c00000, 0x0000000746c00000| Untracked 
|   6|0x0000000746e00000, 0x0000000746e00000, 0x0000000747000000|  0%| F|  |TAMS 0x0000000746e00000, 0x0000000746e00000| Untracked 
|   7|0x0000000747000000, 0x0000000747000000, 0x0000000747200000|  0%| F|  |TAMS 0x0000000747000000, 0x0000000747000000| Untracked 
|   8|0x0000000747200000, 0x0000000747200000, 0x0000000747400000|  0%| F|  |TAMS 0x0000000747200000, 0x0000000747200000| Untracked 
|   9|0x0000000747400000, 0x0000000747400000, 0x0000000747600000|  0%| F|  |TAMS 0x0000000747400000, 0x0000000747400000| Untracked 
|  10|0x0000000747600000, 0x0000000747600000, 0x0000000747800000|  0%| F|  |TAMS 0x0000000747600000, 0x0000000747600000| Untracked 
|  11|0x0000000747800000, 0x0000000747800000, 0x0000000747a00000|  0%| F|  |TAMS 0x0000000747800000, 0x0000000747800000| Untracked 
|  12|0x0000000747a00000, 0x0000000747a00000, 0x0000000747c00000|  0%| F|  |TAMS 0x0000000747a00000, 0x0000000747a00000| Untracked 
|  13|0x0000000747c00000, 0x0000000747c00000, 0x0000000747e00000|  0%| F|  |TAMS 0x0000000747c00000, 0x0000000747c00000| Untracked 
|  14|0x0000000747e00000, 0x0000000747e00000, 0x0000000748000000|  0%| F|  |TAMS 0x0000000747e00000, 0x0000000747e00000| Untracked 
|  15|0x0000000748000000, 0x0000000748000000, 0x0000000748200000|  0%| F|  |TAMS 0x0000000748000000, 0x0000000748000000| Untracked 
|  16|0x0000000748200000, 0x0000000748200000, 0x0000000748400000|  0%| F|  |TAMS 0x0000000748200000, 0x0000000748200000| Untracked 
|  17|0x0000000748400000, 0x0000000748400000, 0x0000000748600000|  0%| F|  |TAMS 0x0000000748400000, 0x0000000748400000| Untracked 
|  18|0x0000000748600000, 0x0000000748600000, 0x0000000748800000|  0%| F|  |TAMS 0x0000000748600000, 0x0000000748600000| Untracked 
|  19|0x0000000748800000, 0x0000000748800000, 0x0000000748a00000|  0%| F|  |TAMS 0x0000000748800000, 0x0000000748800000| Untracked 
|  20|0x0000000748a00000, 0x0000000748a00000, 0x0000000748c00000|  0%| F|  |TAMS 0x0000000748a00000, 0x0000000748a00000| Untracked 
|  21|0x0000000748c00000, 0x0000000748c00000, 0x0000000748e00000|  0%| F|  |TAMS 0x0000000748c00000, 0x0000000748c00000| Untracked 
|  22|0x0000000748e00000, 0x0000000748e00000, 0x0000000749000000|  0%| F|  |TAMS 0x0000000748e00000, 0x0000000748e00000| Untracked 
|  23|0x0000000749000000, 0x0000000749000000, 0x0000000749200000|  0%| F|  |TAMS 0x0000000749000000, 0x0000000749000000| Untracked 
|  24|0x0000000749200000, 0x0000000749200000, 0x0000000749400000|  0%| F|  |TAMS 0x0000000749200000, 0x0000000749200000| Untracked 
|  25|0x0000000749400000, 0x0000000749400000, 0x0000000749600000|  0%| F|  |TAMS 0x0000000749400000, 0x0000000749400000| Untracked 
|  26|0x0000000749600000, 0x0000000749600000, 0x0000000749800000|  0%| F|  |TAMS 0x0000000749600000, 0x0000000749600000| Untracked 
|  27|0x0000000749800000, 0x0000000749800000, 0x0000000749a00000|  0%| F|  |TAMS 0x0000000749800000, 0x0000000749800000| Untracked 
|  28|0x0000000749a00000, 0x0000000749a00000, 0x0000000749c00000|  0%| F|  |TAMS 0x0000000749a00000, 0x0000000749a00000| Untracked 
|  29|0x0000000749c00000, 0x0000000749c00000, 0x0000000749e00000|  0%| F|  |TAMS 0x0000000749c00000, 0x0000000749c00000| Untracked 
|  30|0x0000000749e00000, 0x0000000749e00000, 0x000000074a000000|  0%| F|  |TAMS 0x0000000749e00000, 0x0000000749e00000| Untracked 
|  31|0x000000074a000000, 0x000000074a000000, 0x000000074a200000|  0%| F|  |TAMS 0x000000074a000000, 0x000000074a000000| Untracked 
|  32|0x000000074a200000, 0x000000074a200000, 0x000000074a400000|  0%| F|  |TAMS 0x000000074a200000, 0x000000074a200000| Untracked 
|  33|0x000000074a400000, 0x000000074a400000, 0x000000074a600000|  0%| F|  |TAMS 0x000000074a400000, 0x000000074a400000| Untracked 
|  34|0x000000074a600000, 0x000000074a600000, 0x000000074a800000|  0%| F|  |TAMS 0x000000074a600000, 0x000000074a600000| Untracked 
|  35|0x000000074a800000, 0x000000074a800000, 0x000000074aa00000|  0%| F|  |TAMS 0x000000074a800000, 0x000000074a800000| Untracked 
|  36|0x000000074aa00000, 0x000000074aa00000, 0x000000074ac00000|  0%| F|  |TAMS 0x000000074aa00000, 0x000000074aa00000| Untracked 
|  37|0x000000074ac00000, 0x000000074ac00000, 0x000000074ae00000|  0%| F|  |TAMS 0x000000074ac00000, 0x000000074ac00000| Untracked 
|  38|0x000000074ae00000, 0x000000074ae00000, 0x000000074b000000|  0%| F|  |TAMS 0x000000074ae00000, 0x000000074ae00000| Untracked 
|  39|0x000000074b000000, 0x000000074b000000, 0x000000074b200000|  0%| F|  |TAMS 0x000000074b000000, 0x000000074b000000| Untracked 
|  40|0x000000074b200000, 0x000000074b200000, 0x000000074b400000|  0%| F|  |TAMS 0x000000074b200000, 0x000000074b200000| Untracked 
|  41|0x000000074b400000, 0x000000074b400000, 0x000000074b600000|  0%| F|  |TAMS 0x000000074b400000, 0x000000074b400000| Untracked 
|  42|0x000000074b600000, 0x000000074b600000, 0x000000074b800000|  0%| F|  |TAMS 0x000000074b600000, 0x000000074b600000| Untracked 
|  43|0x000000074b800000, 0x000000074b800000, 0x000000074ba00000|  0%| F|  |TAMS 0x000000074b800000, 0x000000074b800000| Untracked 
|  44|0x000000074ba00000, 0x000000074ba00000, 0x000000074bc00000|  0%| F|  |TAMS 0x000000074ba00000, 0x000000074ba00000| Untracked 
|  45|0x000000074bc00000, 0x000000074bc00000, 0x000000074be00000|  0%| F|  |TAMS 0x000000074bc00000, 0x000000074bc00000| Untracked 
|  46|0x000000074be00000, 0x000000074be00000, 0x000000074c000000|  0%| F|  |TAMS 0x000000074be00000, 0x000000074be00000| Untracked 
|  47|0x000000074c000000, 0x000000074c000000, 0x000000074c200000|  0%| F|  |TAMS 0x000000074c000000, 0x000000074c000000| Untracked 
|  48|0x000000074c200000, 0x000000074c200000, 0x000000074c400000|  0%| F|  |TAMS 0x000000074c200000, 0x000000074c200000| Untracked 
|  49|0x000000074c400000, 0x000000074c400000, 0x000000074c600000|  0%| F|  |TAMS 0x000000074c400000, 0x000000074c400000| Untracked 
|  50|0x000000074c600000, 0x000000074c600000, 0x000000074c800000|  0%| F|  |TAMS 0x000000074c600000, 0x000000074c600000| Untracked 
|  51|0x000000074c800000, 0x000000074c800000, 0x000000074ca00000|  0%| F|  |TAMS 0x000000074c800000, 0x000000074c800000| Untracked 
|  52|0x000000074ca00000, 0x000000074ca00000, 0x000000074cc00000|  0%| F|  |TAMS 0x000000074ca00000, 0x000000074ca00000| Untracked 
|  53|0x000000074cc00000, 0x000000074cc00000, 0x000000074ce00000|  0%| F|  |TAMS 0x000000074cc00000, 0x000000074cc00000| Untracked 
|  54|0x000000074ce00000, 0x000000074ce00000, 0x000000074d000000|  0%| F|  |TAMS 0x000000074ce00000, 0x000000074ce00000| Untracked 
|  55|0x000000074d000000, 0x000000074d000000, 0x000000074d200000|  0%| F|  |TAMS 0x000000074d000000, 0x000000074d000000| Untracked 
|  56|0x000000074d200000, 0x000000074d200000, 0x000000074d400000|  0%| F|  |TAMS 0x000000074d200000, 0x000000074d200000| Untracked 
|  57|0x000000074d400000, 0x000000074d400000, 0x000000074d600000|  0%| F|  |TAMS 0x000000074d400000, 0x000000074d400000| Untracked 
|  58|0x000000074d600000, 0x000000074d600000, 0x000000074d800000|  0%| F|  |TAMS 0x000000074d600000, 0x000000074d600000| Untracked 
|  59|0x000000074d800000, 0x000000074d800000, 0x000000074da00000|  0%| F|  |TAMS 0x000000074d800000, 0x000000074d800000| Untracked 
|  60|0x000000074da00000, 0x000000074da00000, 0x000000074dc00000|  0%| F|  |TAMS 0x000000074da00000, 0x000000074da00000| Untracked 
|  61|0x000000074dc00000, 0x000000074dc00000, 0x000000074de00000|  0%| F|  |TAMS 0x000000074dc00000, 0x000000074dc00000| Untracked 
|  62|0x000000074de00000, 0x000000074de00000, 0x000000074e000000|  0%| F|  |TAMS 0x000000074de00000, 0x000000074de00000| Untracked 
|  63|0x000000074e000000, 0x000000074e000000, 0x000000074e200000|  0%| F|  |TAMS 0x000000074e000000, 0x000000074e000000| Untracked 
|  64|0x000000074e200000, 0x000000074e200000, 0x000000074e400000|  0%| F|  |TAMS 0x000000074e200000, 0x000000074e200000| Untracked 
|  65|0x000000074e400000, 0x000000074e400000, 0x000000074e600000|  0%| F|  |TAMS 0x000000074e400000, 0x000000074e400000| Untracked 
|  66|0x000000074e600000, 0x000000074e600000, 0x000000074e800000|  0%| F|  |TAMS 0x000000074e600000, 0x000000074e600000| Untracked 
|  67|0x000000074e800000, 0x000000074e800000, 0x000000074ea00000|  0%| F|  |TAMS 0x000000074e800000, 0x000000074e800000| Untracked 
|  68|0x000000074ea00000, 0x000000074ea00000, 0x000000074ec00000|  0%| F|  |TAMS 0x000000074ea00000, 0x000000074ea00000| Untracked 
|  69|0x000000074ec00000, 0x000000074ec00000, 0x000000074ee00000|  0%| F|  |TAMS 0x000000074ec00000, 0x000000074ec00000| Untracked 
|  70|0x000000074ee00000, 0x000000074ee00000, 0x000000074f000000|  0%| F|  |TAMS 0x000000074ee00000, 0x000000074ee00000| Untracked 
|  71|0x000000074f000000, 0x000000074f000000, 0x000000074f200000|  0%| F|  |TAMS 0x000000074f000000, 0x000000074f000000| Untracked 
|  72|0x000000074f200000, 0x000000074f200000, 0x000000074f400000|  0%| F|  |TAMS 0x000000074f200000, 0x000000074f200000| Untracked 
|  73|0x000000074f400000, 0x000000074f400000, 0x000000074f600000|  0%| F|  |TAMS 0x000000074f400000, 0x000000074f400000| Untracked 
|  74|0x000000074f600000, 0x000000074f600000, 0x000000074f800000|  0%| F|  |TAMS 0x000000074f600000, 0x000000074f600000| Untracked 
|  75|0x000000074f800000, 0x000000074f800000, 0x000000074fa00000|  0%| F|  |TAMS 0x000000074f800000, 0x000000074f800000| Untracked 
|  76|0x000000074fa00000, 0x000000074fa00000, 0x000000074fc00000|  0%| F|  |TAMS 0x000000074fa00000, 0x000000074fa00000| Untracked 
|  77|0x000000074fc00000, 0x000000074fc00000, 0x000000074fe00000|  0%| F|  |TAMS 0x000000074fc00000, 0x000000074fc00000| Untracked 
|  78|0x000000074fe00000, 0x000000074fe00000, 0x0000000750000000|  0%| F|  |TAMS 0x000000074fe00000, 0x000000074fe00000| Untracked 
|  79|0x0000000750000000, 0x0000000750000000, 0x0000000750200000|  0%| F|  |TAMS 0x0000000750000000, 0x0000000750000000| Untracked 
|  80|0x0000000750200000, 0x0000000750200000, 0x0000000750400000|  0%| F|  |TAMS 0x0000000750200000, 0x0000000750200000| Untracked 
|  81|0x0000000750400000, 0x0000000750400000, 0x0000000750600000|  0%| F|  |TAMS 0x0000000750400000, 0x0000000750400000| Untracked 
|  82|0x0000000750600000, 0x0000000750600000, 0x0000000750800000|  0%| F|  |TAMS 0x0000000750600000, 0x0000000750600000| Untracked 
|  83|0x0000000750800000, 0x0000000750800000, 0x0000000750a00000|  0%| F|  |TAMS 0x0000000750800000, 0x0000000750800000| Untracked 
|  84|0x0000000750a00000, 0x0000000750a00000, 0x0000000750c00000|  0%| F|  |TAMS 0x0000000750a00000, 0x0000000750a00000| Untracked 
|  85|0x0000000750c00000, 0x0000000750c00000, 0x0000000750e00000|  0%| F|  |TAMS 0x0000000750c00000, 0x0000000750c00000| Untracked 
|  86|0x0000000750e00000, 0x0000000750e00000, 0x0000000751000000|  0%| F|  |TAMS 0x0000000750e00000, 0x0000000750e00000| Untracked 
|  87|0x0000000751000000, 0x0000000751000000, 0x0000000751200000|  0%| F|  |TAMS 0x0000000751000000, 0x0000000751000000| Untracked 
|  88|0x0000000751200000, 0x0000000751200000, 0x0000000751400000|  0%| F|  |TAMS 0x0000000751200000, 0x0000000751200000| Untracked 
|  89|0x0000000751400000, 0x00000007515afa30, 0x0000000751600000| 84%| E|  |TAMS 0x0000000751400000, 0x0000000751400000| Complete 
|  90|0x0000000751600000, 0x0000000751800000, 0x0000000751800000|100%| E|CS|TAMS 0x0000000751600000, 0x0000000751600000| Complete 
|  91|0x0000000751800000, 0x0000000751a00000, 0x0000000751a00000|100%| E|CS|TAMS 0x0000000751800000, 0x0000000751800000| Complete 
|  92|0x0000000751a00000, 0x0000000751c00000, 0x0000000751c00000|100%| E|CS|TAMS 0x0000000751a00000, 0x0000000751a00000| Complete 

Card table byte_map: [0x0000024ec4a80000,0x0000024ec5050000] _byte_map_base: 0x0000024ec104f000

Marking Bits (Prev, Next): (CMBitMap*) 0x0000024eadd6d990, (CMBitMap*) 0x0000024eadd6d9d0
 Prev Bits: [0x0000024ec5620000, 0x0000024ec8498000)
 Next Bits: [0x0000024ec84a0000, 0x0000024ecb318000)

Polling page: 0x0000024eabeb0000

Metaspace:

Usage:
  Non-class:      2.69 MB used.
      Class:    246.29 KB used.
       Both:      2.93 MB used.

Virtual space:
  Non-class space:        8.00 MB reserved,       2.75 MB ( 34%) committed,  1 nodes.
      Class space:        1.00 GB reserved,     320.00 KB ( <1%) committed,  1 nodes.
              Both:        1.01 GB reserved,       3.06 MB ( <1%) committed. 

Chunk freelists:
   Non-Class:  3.59 MB
       Class:  3.72 MB
        Both:  7.32 MB

MaxMetaspaceSize: 17179869184.00 GB
CompressedClassSpaceSize: 1.00 GB
 - commit_granule_bytes: 65536.
 - commit_granule_words: 8192.
 - virtual_space_node_default_size: 1048576.
 - enlarge_chunks_in_place: 1.
 - new_chunks_are_fully_committed: 0.
 - uncommit_free_chunks: 1.
 - use_allocation_guard: 0.
 - handle_deallocations: 1.


Internal statistics:

num_allocs_failed_limit: 0.
num_arena_births: 12.
num_arena_deaths: 0.
num_vsnodes_births: 2.
num_vsnodes_deaths: 0.
num_space_committed: 49.
num_space_uncommitted: 0.
num_chunks_returned_to_freelist: 0.
num_chunks_taken_from_freelist: 42.
num_chunk_merges: 0.
num_chunk_splits: 21.
num_chunks_enlarged: 13.
num_purges: 0.

CodeHeap 'non-profiled nmethods': size=120000Kb used=174Kb max_used=174Kb free=119825Kb
 bounds [0x0000024ebcf80000, 0x0000024ebd1f0000, 0x0000024ec44b0000]
CodeHeap 'profiled nmethods': size=120000Kb used=754Kb max_used=754Kb free=119246Kb
 bounds [0x0000024eb5a50000, 0x0000024eb5cc0000, 0x0000024ebcf80000]
CodeHeap 'non-nmethods': size=5760Kb used=1221Kb max_used=1241Kb free=4538Kb
 bounds [0x0000024eb54b0000, 0x0000024eb5720000, 0x0000024eb5a50000]
 total_blobs=967 nmethods=534 adapters=346
 compilation: enabled
              stopped_count=0, restarted_count=0
 full_count=0

Compilation events (20 events):
Event: 1417.129 Thread 0x0000024ecd7cce80  586       3       org.eclipse.jdt.launching.internal.org.objectweb.asm.ByteVector::putByteArray (49 bytes)
Event: 1417.132 Thread 0x0000024ecd7cce80 

Event: 1420.253 Thread 0x0000024ecd7c4830  587       4       java.lang.String::hashCode (60 bytes)
Event: 1420.260 Thread 0x0000024ecd7c4830 

Event: 1420.260 Thread 0x0000024ecd7c4830  588       4       org.eclipse.jdt.launching.internal.org.objectweb.asm.ClassReader::readUtf (44 bytes)
Event: 1420.264 Thread 0x0000024ecd7c4830 nmethod 588 0x0000024ebcfa9910 code [0x0000024ebcfa9ac0, 0x0000024ebcfa9e88]
Event: 1438.491 Thread 0x0000024ecd7c4830  589       4       org.eclipse.jdt.launching.internal.org.objectweb.asm.ClassReader::readUTF8 (23 bytes)
Event: 1438.499 Thread 0x0000024ecd7c4830 

Event: 1438.499 Thread 0x0000024ecd7c4830  590       4       org.eclipse.jdt.launching.internal.org.objectweb.asm.SymbolTable::add (39 bytes)
Event: 1438.504 Thread 0x0000024ecd7c4830 nmethod 590 0x0000024ebcfaa110 code [0x0000024ebcfaa2a0, 0x0000024ebcfaa678]
Event: 1569.596 Thread 0x0000024ecd7cce80  591       3       org.eclipse.jdt.launching.internal.org.objectweb.asm.SymbolTable::addConstantMemberReference (29 bytes)
Event: 1569.596 Thread 0x0000024ecd7cce80 nmethod 591 0x0000024eb5b0b590 code [0x0000024eb5b0b780, 0x0000024eb5b0bb48]
Event: 1569.598 Thread 0x0000024ecd7cce80  592       3       org.eclipse.jdt.launching.internal.org.objectweb.asm.ByteVector::putInt (74 bytes)
Event: 1569.598 Thread 0x0000024ecd7cce80 nmethod 592 0x0000024eb5b0be10 code [0x0000024eb5b0bfc0, 0x0000024eb5b0c228]
Event: 1764.639 Thread 0x0000024ecd7c4830  593       4       org.eclipse.jdt.launching.internal.org.objectweb.asm.SymbolTable::addConstantUtf8 (20 bytes)
Event: 1764.660 Thread 0x0000024ecd7c4830 

Event: 1806.694 Thread 0x0000024ecd7c4830  594       4       java.lang.String::hashCode (60 bytes)
Event: 1806.694 Thread 0x0000024ecd7cce80  596       3       org.eclipse.jdt.launching.internal.org.objectweb.asm.MethodVisitor::<init> (7 bytes)
Event: 1806.694 Thread 0x0000024ecd7cce80 nmethod 596 0x0000024eb5b0c410 code [0x0000024eb5b0c5c0, 0x0000024eb5b0c728]
Event: 1806.694 Thread 0x0000024ecd7cce80  597       3       org.eclipse.jdt.launching.internal.org.objectweb.asm.ClassReader::readMethod (1061 bytes)

GC Heap History (0 events):
No events

Deoptimization events (20 events):
Event: 0.372 Thread 0x0000024eadd2a820 DEOPT PACKING pc=0x0000024eb5ac0667 sp=0x0000006e77ff8450
Event: 0.372 Thread 0x0000024eadd2a820 DEOPT UNPACKING pc=0x0000024eb54fdece sp=0x0000006e77ff78b8 mode 0
Event: 0.373 Thread 0x0000024eadd2a820 DEOPT PACKING pc=0x0000024eb5ac0667 sp=0x0000006e77ff8450
Event: 0.373 Thread 0x0000024eadd2a820 DEOPT UNPACKING pc=0x0000024eb54fdece sp=0x0000006e77ff78b8 mode 0
Event: 0.379 Thread 0x0000024eadd2a820 DEOPT PACKING pc=0x0000024eb5ac0667 sp=0x0000006e77ffbe80
Event: 0.379 Thread 0x0000024eadd2a820 DEOPT UNPACKING pc=0x0000024eb54fdece sp=0x0000006e77ffb2e8 mode 0
Event: 0.379 Thread 0x0000024eadd2a820 DEOPT PACKING pc=0x0000024eb5ac0667 sp=0x0000006e77ffbe80
Event: 0.379 Thread 0x0000024eadd2a820 DEOPT UNPACKING pc=0x0000024eb54fdece sp=0x0000006e77ffb2e8 mode 0
Event: 0.379 Thread 0x0000024eadd2a820 DEOPT PACKING pc=0x0000024eb5ac0667 sp=0x0000006e77ffbe80
Event: 0.379 Thread 0x0000024eadd2a820 DEOPT UNPACKING pc=0x0000024eb54fdece sp=0x0000006e77ffb2e8 mode 0
Event: 0.385 Thread 0x0000024eadd2a820 DEOPT PACKING pc=0x0000024eb5ac0667 sp=0x0000006e77ff83d0
Event: 0.385 Thread 0x0000024eadd2a820 DEOPT UNPACKING pc=0x0000024eb54fdece sp=0x0000006e77ff7838 mode 0
Event: 0.428 Thread 0x0000024eadd2a820 Uncommon trap: trap_request=0xffffff45 fr.pc=0x0000024ebcf893f0 relative=0x0000000000000250
Event: 0.428 Thread 0x0000024eadd2a820 Uncommon trap: reason=unstable_if action=reinterpret pc=0x0000024ebcf893f0 method=java.lang.String.isLatin1()Z @ 10 c2
Event: 0.428 Thread 0x0000024eadd2a820 DEOPT PACKING pc=0x0000024ebcf893f0 sp=0x0000006e77ffce50
Event: 0.428 Thread 0x0000024eadd2a820 DEOPT UNPACKING pc=0x0000024eb54fd72e sp=0x0000006e77ffcd80 mode 2
Event: 0.432 Thread 0x0000024eadd2a820 Uncommon trap: trap_request=0xffffff45 fr.pc=0x0000024ebcf932e8 relative=0x0000000000000048
Event: 0.432 Thread 0x0000024eadd2a820 Uncommon trap: reason=unstable_if action=reinterpret pc=0x0000024ebcf932e8 method=java.lang.CharacterData.of(I)Ljava/lang/CharacterData; @ 4 c2
Event: 0.432 Thread 0x0000024eadd2a820 DEOPT PACKING pc=0x0000024ebcf932e8 sp=0x0000006e77ffec20
Event: 0.432 Thread 0x0000024eadd2a820 DEOPT UNPACKING pc=0x0000024eb54fd72e sp=0x0000006e77ffebc0 mode 2

Classes unloaded (0 events):
No events

Classes redefined (20 events):
Event: 1062.006 Thread 0x0000024ecd7a7800 redefined class name=RoboWalkApp, count=72
Event: 1086.510 Thread 0x0000024ecd7a7800 redefined class name=RoboWalkApp, count=73
Event: 1123.141 Thread 0x0000024ecd7a7800 redefined class name=RoboWalkApp, count=74
Event: 1129.712 Thread 0x0000024ecd7a7800 redefined class name=RoboWalkApp, count=75
Event: 1153.473 Thread 0x0000024ecd7a7800 redefined class name=RoboWalkApp, count=76
Event: 1186.527 Thread 0x0000024ecd7a7800 redefined class name=RoboWalkApp, count=77
Event: 1203.559 Thread 0x0000024ecd7a7800 redefined class name=RoboWalkApp, count=78
Event: 1206.597 Thread 0x0000024ecd7a7800 redefined class name=RoboWalkApp, count=79
Event: 1284.174 Thread 0x0000024ecd7a7800 redefined class name=RoboWalkApp, count=80
Event: 1288.545 Thread 0x0000024ecd7a7800 redefined class name=RoboWalkApp, count=81
Event: 1325.814 Thread 0x0000024ecd7a7800 redefined class name=RoboWalkApp, count=82
Event: 1397.959 Thread 0x0000024ecd7a7800 redefined class name=RoboWalkApp, count=83
Event: 1406.684 Thread 0x0000024ecd7a7800 redefined class name=RoboWalkApp, count=84
Event: 1415.541 Thread 0x0000024ecd7a7800 redefined class name=RoboWalkApp, count=85
Event: 1417.130 Thread 0x0000024ecd7a7800 redefined class name=RoboWalkApp, count=86
Event: 1420.254 Thread 0x0000024ecd7a7800 redefined class name=RoboWalkApp, count=87
Event: 1438.492 Thread 0x0000024ecd7a7800 redefined class name=RoboWalkApp, count=88
Event: 1532.340 Thread 0x0000024ecd7a7800 redefined class name=RoboWalkApp, count=89
Event: 1569.599 Thread 0x0000024ecd7a7800 redefined class name=RoboWalkApp, count=90
Event: 1764.643 Thread 0x0000024ecd7a7800 redefined class name=RoboWalkApp, count=91

Internal exceptions (1 events):
Event: 0.329 Thread 0x0000024eadd2a820 Exception <a 'java/lang/NoSuchMethodError'{0x00000007519ac0f0}: 'java.lang.Object java.lang.invoke.DirectMethodHandle$Holder.invokeStatic(java.lang.Object)'> (0x00000007519ac0f0) 
thrown [t:\workspace\open\src\hotspot\share\interpreter\linkResolver.cpp, line 790]

Events (20 events):
Event: 1325.813 Executing  VM operation: RedefineClasses
Event: 1325.815 Executing  VM operation: RedefineClasses done
Event: 1397.958 Executing  VM operation: RedefineClasses
Event: 1397.960 Executing  VM operation: RedefineClasses done
Event: 1406.684 Executing  VM operation: RedefineClasses
Event: 1406.686 Executing  VM operation: RedefineClasses done
Event: 1415.540 Executing  VM operation: RedefineClasses
Event: 1415.542 Executing  VM operation: RedefineClasses done
Event: 1417.130 Executing  VM operation: RedefineClasses
Event: 1417.132 Executing  VM operation: RedefineClasses done
Event: 1420.253 Executing  VM operation: RedefineClasses
Event: 1420.256 Executing  VM operation: RedefineClasses done
Event: 1438.492 Executing  VM operation: RedefineClasses
Event: 1438.494 Executing  VM operation: RedefineClasses done
Event: 1532.339 Executing  VM operation: RedefineClasses
Event: 1532.341 Executing  VM operation: RedefineClasses done
Event: 1569.599 Executing  VM operation: RedefineClasses
Event: 1569.602 Executing  VM operation: RedefineClasses done
Event: 1764.642 Executing  VM operation: RedefineClasses
Event: 1764.645 Executing  VM operation: RedefineClasses done


Dynamic libraries:
0x00007ff6b96c0000 - 0x00007ff6b96d0000 	C:\Program Files\Java\jdk-16.0.1\bin\javaw.exe
0x00007fffd1230000 - 0x00007fffd1425000 	C:\Windows\SYSTEM32\ntdll.dll
0x00007fffcfd30000 - 0x00007fffcfded000 	C:\Windows\System32\KERNEL32.DLL
0x00007fffce970000 - 0x00007fffcec39000 	C:\Windows\System32\KERNELBASE.dll
0x00007fffcee30000 - 0x00007fffcef30000 	C:\Windows\System32\ucrtbase.dll
0x00007fff94810000 - 0x00007fff94828000 	C:\Program Files\Java\jdk-16.0.1\bin\jli.dll
0x00007fffcff20000 - 0x00007fffcffcc000 	C:\Windows\System32\ADVAPI32.dll
0x00007fffd09e0000 - 0x00007fffd0a7e000 	C:\Windows\System32\msvcrt.dll
0x00007fffd0a80000 - 0x00007fffd0b1b000 	C:\Windows\System32\sechost.dll
0x00007fffcfdf0000 - 0x00007fffcff1a000 	C:\Windows\System32\RPCRT4.dll
0x00007fffd06b0000 - 0x00007fffd0850000 	C:\Windows\System32\USER32.dll
0x00007fffcefe0000 - 0x00007fffcf002000 	C:\Windows\System32\win32u.dll
0x00007fffd0670000 - 0x00007fffd069a000 	C:\Windows\System32\GDI32.dll
0x00007fffcf0f0000 - 0x00007fffcf1fb000 	C:\Windows\System32\gdi32full.dll
0x00007fffcf200000 - 0x00007fffcf29d000 	C:\Windows\System32\msvcp_win.dll
0x00007fff8ef10000 - 0x00007fff8ef29000 	C:\Program Files\Java\jdk-16.0.1\bin\VCRUNTIME140.dll
0x00007fffb9b00000 - 0x00007fffb9d9a000 	C:\Windows\WinSxS\amd64_microsoft.windows.common-controls_6595b64144ccf1df_6.0.19041.1110_none_60b5254171f9507e\COMCTL32.dll
0x00007fffc81d0000 - 0x00007fffc81da000 	C:\Windows\SYSTEM32\VERSION.dll
0x00007fffd0c60000 - 0x00007fffd0c90000 	C:\Windows\System32\IMM32.DLL
0x00007fffaccf0000 - 0x00007fffaccfc000 	C:\Program Files\Java\jdk-16.0.1\bin\vcruntime140_1.dll
0x00007fff74710000 - 0x00007fff747a1000 	C:\Program Files\Java\jdk-16.0.1\bin\msvcp140.dll
0x00007fff73b60000 - 0x00007fff7470b000 	C:\Program Files\Java\jdk-16.0.1\bin\server\jvm.dll
0x00007fffd0cf0000 - 0x00007fffd0cf8000 	C:\Windows\System32\PSAPI.DLL
0x00007fffbba60000 - 0x00007fffbba69000 	C:\Windows\SYSTEM32\WSOCK32.dll
0x00007fffcf3c0000 - 0x00007fffcf42b000 	C:\Windows\System32\WS2_32.dll
0x00007fffb5610000 - 0x00007fffb5637000 	C:\Windows\SYSTEM32\WINMM.dll
0x00007fffcd230000 - 0x00007fffcd242000 	C:\Windows\SYSTEM32\kernel.appcore.dll
0x00007fffab400000 - 0x00007fffab40a000 	C:\Program Files\Java\jdk-16.0.1\bin\jimage.dll
0x00007fffc9640000 - 0x00007fffc9824000 	C:\Windows\SYSTEM32\DBGHELP.DLL
0x00007fffbb9e0000 - 0x00007fffbba0c000 	C:\Windows\SYSTEM32\dbgcore.DLL
0x00007fffcec40000 - 0x00007fffcecc3000 	C:\Windows\System32\bcryptPrimitives.dll
0x00007fffa94e0000 - 0x00007fffa951b000 	C:\Program Files\Java\jdk-16.0.1\bin\jdwp.dll
0x00007fffbb860000 - 0x00007fffbb86e000 	C:\Program Files\Java\jdk-16.0.1\bin\instrument.dll
0x00007fff8ddc0000 - 0x00007fff8dde5000 	C:\Program Files\Java\jdk-16.0.1\bin\java.dll
0x00007fffcf430000 - 0x00007fffcfb6f000 	C:\Windows\System32\SHELL32.dll
0x00007fffcca50000 - 0x00007fffcd1e1000 	C:\Windows\SYSTEM32\windows.storage.dll
0x00007fffd0dc0000 - 0x00007fffd1115000 	C:\Windows\System32\combase.dll
0x00007fffce3e0000 - 0x00007fffce40c000 	C:\Windows\SYSTEM32\Wldp.dll
0x00007fffd1120000 - 0x00007fffd11ce000 	C:\Windows\System32\SHCORE.dll
0x00007fffd0c90000 - 0x00007fffd0ce5000 	C:\Windows\System32\shlwapi.dll
0x00007fffce8b0000 - 0x00007fffce8cf000 	C:\Windows\SYSTEM32\profapi.dll
0x00007fffbb850000 - 0x00007fffbb85c000 	C:\Program Files\Java\jdk-16.0.1\bin\dt_socket.dll
0x00007fffcdde0000 - 0x00007fffcde1b000 	C:\Windows\SYSTEM32\IPHLPAPI.DLL
0x00007fffce140000 - 0x00007fffce1aa000 	C:\Windows\system32\mswsock.dll
0x00007fffcde30000 - 0x00007fffcdefc000 	C:\Windows\SYSTEM32\DNSAPI.dll
0x00007fffcfd20000 - 0x00007fffcfd28000 	C:\Windows\System32\NSI.dll
0x00007fffc62a0000 - 0x00007fffc62aa000 	C:\Windows\System32\rasadhlp.dll
0x00007fffc1950000 - 0x00007fffc19cf000 	C:\Windows\System32\fwpuclnt.dll
0x00007fffcf070000 - 0x00007fffcf097000 	C:\Windows\System32\bcrypt.dll
0x00007fff81180000 - 0x00007fff81198000 	C:\Program Files\Java\jdk-16.0.1\bin\zip.dll
0x00007fff8ea30000 - 0x00007fff8ea49000 	C:\Program Files\Java\jdk-16.0.1\bin\net.dll
0x00007fffcbb50000 - 0x00007fffcbc5a000 	C:\Windows\SYSTEM32\WINHTTP.dll
0x00007fff811c0000 - 0x00007fff811d3000 	C:\Program Files\Java\jdk-16.0.1\bin\nio.dll
0x00007fffa7ae0000 - 0x00007fffa7af0000 	C:\Program Files\Java\jdk-16.0.1\bin\verify.dll

dbghelp: loaded successfully - version: 4.0.5 - missing functions: none
symbol engine: initialized successfully - sym options: 0x614 - pdb path: .;C:\Program Files\Java\jdk-16.0.1\bin;C:\Windows\SYSTEM32;C:\Windows\WinSxS\amd64_microsoft.windows.common-controls_6595b64144ccf1df_6.0.19041.1110_none_60b5254171f9507e;C:\Program Files\Java\jdk-16.0.1\bin\server

VM Arguments:
jvm_args: -XX:+ShowCodeDetailsInExceptionMessages -agentlib:jdwp=transport=dt_socket,suspend=y,address=localhost:50392 -javaagent:C:\Users\alexm\eclipse\jee-2021-06\eclipse\configuration\org.eclipse.osgi\415\0\.cp\lib\javaagent-shaded.jar -Dfile.encoding=UTF-8 
java_command: RoboWalkApp
java_class_path (initial): C:\Users\alexm\myGitHub\RoboWalkApp\RoboWalkApp\bin
Launcher Type: SUN_STANDARD

[Global flags]
     intx CICompilerCount                          = 3                                         {product} {ergonomic}
     uint ConcGCThreads                            = 1                                         {product} {ergonomic}
     uint G1ConcRefinementThreads                  = 4                                         {product} {ergonomic}
   size_t G1HeapRegionSize                         = 2097152                                   {product} {ergonomic}
    uintx GCDrainStackTargetSize                   = 64                                        {product} {ergonomic}
   size_t InitialHeapSize                          = 195035136                                 {product} {ergonomic}
   size_t MarkStackSize                            = 4194304                                   {product} {ergonomic}
   size_t MaxHeapSize                              = 3118465024                                {product} {ergonomic}
   size_t MaxNewSize                               = 1870659584                                {product} {ergonomic}
   size_t MinHeapDeltaBytes                        = 2097152                                   {product} {ergonomic}
   size_t MinHeapSize                              = 8388608                                   {product} {ergonomic}
    uintx NonNMethodCodeHeapSize                   = 5832780                                {pd product} {ergonomic}
    uintx NonProfiledCodeHeapSize                  = 122912730                              {pd product} {ergonomic}
    uintx ProfiledCodeHeapSize                     = 122912730                              {pd product} {ergonomic}
    uintx ReservedCodeCacheSize                    = 251658240                              {pd product} {ergonomic}
     bool SegmentedCodeCache                       = true                                      {product} {ergonomic}
     bool ShowCodeDetailsInExceptionMessages       = true                                   {manageable} {command line}
   size_t SoftMaxHeapSize                          = 3118465024                             {manageable} {ergonomic}
     bool UseCompressedClassPointers               = true                           {product lp64_product} {ergonomic}
     bool UseCompressedOops                        = true                           {product lp64_product} {ergonomic}
     bool UseG1GC                                  = true                                      {product} {ergonomic}
     bool UseLargePagesIndividualAllocation        = false                                  {pd product} {ergonomic}

Logging:
Log output configuration:
 #0: stdout all=warning uptime,level,tags
 #1: stderr all=off uptime,level,tags

Environment Variables:
PATH=C:\Program Files\Common Files\Oracle\Java\javapath;C:\Windows\system32;C:\Windows;C:\Windows\System32\Wbem;C:\Windows\System32\WindowsPowerShell\v1.0\;C:\Windows\System32\OpenSSH\;C:\Program Files (x86)\Intel\Intel(R) Management Engine Components\DAL;C:\Program Files\Intel\Intel(R) Management Engine Components\DAL;C:\Program Files\Git\cmd;C:\Users\alexm\anaconda3;C:\Users\alexm\anaconda3\Library\mingw-w64\bin;C:\Users\alexm\anaconda3\Library\usr\bin;C:\Users\alexm\anaconda3\Library\bin;C:\Users\alexm\anaconda3\Scripts;C:\Users\alexm\AppData\Local\Programs\Python\Python39\Scripts\;C:\Users\alexm\AppData\Local\Programs\Python\Python39\;C:\Users\alexm\AppData\Local\Microsoft\WindowsApps;C:\Users\alexm\AppData\Local\GitHubDesktop\bin;C:\Users\alexm\AppData\Local\Programs\Microsoft VS Code\bin
USERNAME=alexm
OS=Windows_NT
PROCESSOR_IDENTIFIER=Intel64 Family 6 Model 142 Stepping 9, GenuineIntel



---------------  S Y S T E M  ---------------

OS:
 Windows 10 , 64 bit Build 19041 (10.0.19041.1023)
OS uptime: 0 days 23:30 hours

CPU: total 4 (initial active 4) (2 cores per cpu, 2 threads per core) family 6 model 142 stepping 9 microcode 0xea, cx8, cmov, fxsr, ht, mmx, 3dnowpref, sse, sse2, sse3, ssse3, sse4.1, sse4.2, popcnt, lzcnt, tsc, tscinvbit, avx, avx2, aes, erms, clmul, bmi1, bmi2, rtm, adx, fma, vzeroupper, clflush, clflushopt

Memory: 4k page, system-wide physical 11891M (3563M free)
TotalPageFile size 27940M (AvailPageFile size 0M)
current process WorkingSet (physical memory assigned to process): 46M, peak: 46M
current process commit charge ("private bytes"): 267M, peak: 267M

vm_info: Java HotSpot(TM) 64-Bit Server VM (16.0.1+9-24) for windows-amd64 JRE (16.0.1+9-24), built on Mar 26 2021 19:31:42 by "mach5one" with MS VC++ 16.7 (VS2019)

END.
